2026-03-02 02:28:47,336 | INFO | capstone.gold | Gold Modeling stage starting
2026-03-02 02:28:47,338 | INFO | capstone.gold | Project Root Path Loaded: /workspace
2026-03-02 02:28:47,340 | INFO | capstone.gold | Project Logging Path Loaded: /workspace/logs
2026-03-02 02:28:47,342 | INFO | capstone.gold | Project Artifacts Path Loaded: /workspace/artifacts
2026-03-02 02:28:47,344 | INFO | capstone.gold | Project Notebooks Path Loaded /workspace/notebooks
2026-03-02 02:28:47,345 | INFO | capstone.gold | Project Data Path Loaded: /workspace/data
2026-03-02 02:28:47,347 | INFO | capstone.gold | Data Bronze Path Loaded: /workspace/data/bronze
2026-03-02 02:28:47,348 | INFO | capstone.gold | Data Bronze Training Path Loaded: /workspace/data/bronze/train
2026-03-02 02:28:47,350 | INFO | capstone.gold | Data Bronze Testing Path Loaded: /workspace/data/bronze/test
2026-03-02 02:28:47,351 | INFO | capstone.gold | Data Silver Path Loaded: /workspace/data/silver
2026-03-02 02:28:47,352 | INFO | capstone.gold | Data Silver Training Path Loaded: /workspace/data/silver/train
2026-03-02 02:28:47,353 | INFO | capstone.gold | Data Silver Testing Path Loaded: /workspace/data/silver/test
2026-03-02 02:28:47,354 | INFO | capstone.gold | Data Gold Path Loaded: /workspace/data/gold
2026-03-02 05:20:08,392 | INFO | capstone.gold | Gold Modeling stage starting
2026-03-02 05:20:08,394 | INFO | capstone.gold | Project Root Path Loaded: /workspace
2026-03-02 05:20:08,395 | INFO | capstone.gold | Project Logging Path Loaded: /workspace/logs
2026-03-02 05:20:08,397 | INFO | capstone.gold | Project Artifacts Path Loaded: /workspace/artifacts
2026-03-02 05:20:08,398 | INFO | capstone.gold | Project Notebooks Path Loaded /workspace/notebooks
2026-03-02 05:20:08,399 | INFO | capstone.gold | Project Data Path Loaded: /workspace/data
2026-03-02 05:20:08,400 | INFO | capstone.gold | Data Bronze Path Loaded: /workspace/data/bronze
2026-03-02 05:20:08,403 | INFO | capstone.gold | Data Bronze Training Path Loaded: /workspace/data/bronze/train
2026-03-02 05:20:08,404 | INFO | capstone.gold | Data Bronze Testing Path Loaded: /workspace/data/bronze/test
2026-03-02 05:20:08,407 | INFO | capstone.gold | Data Silver Path Loaded: /workspace/data/silver
2026-03-02 05:20:08,409 | INFO | capstone.gold | Data Silver Training Path Loaded: /workspace/data/silver/train
2026-03-02 05:20:08,411 | INFO | capstone.gold | Data Silver Testing Path Loaded: /workspace/data/silver/test
2026-03-02 05:20:08,412 | INFO | capstone.gold | Data Gold Path Loaded: /workspace/data/gold
2026-03-02 05:20:12,450 | INFO | capstone.gold | W&B initialized: gold__001
2026-03-02 05:20:13,047 | INFO | capstone.gold | LEDGER | {'ts_utc': '2026-03-02T05:20:13.047793+00:00', 'stage': 'gold', 'recipe': 'gold_modeling__v001_cascade', 'kind': 'step', 'step': 'init', 'message': 'Initialized ledger', 'why': None, 'consequence': None, 'data': {}}
2026-03-02 05:20:13,559 | INFO | capstone.gold | Loading Gold fit parquet: /workspace/data/gold/pump__gold__fit_normal_only.parquet
2026-03-02 05:20:13,562 | INFO | capstone.file_io | Loading Parquet: /workspace/data/gold/pump__gold__fit_normal_only.parquet
2026-03-02 05:20:14,238 | INFO | capstone.gold | Loading Gold test parquet: /workspace/data/gold/pump__gold__test.parquet
2026-03-02 05:20:14,240 | INFO | capstone.file_io | Loading Parquet: /workspace/data/gold/pump__gold__test.parquet
2026-03-02 05:20:14,402 | INFO | capstone.gold | Loading Stage 1 features: /workspace/artifacts/gold/pump/pump__gold__stage1_features.json
2026-03-02 05:20:14,409 | INFO | capstone.file_io | Loading JSON: /workspace/artifacts/gold/pump/pump__gold__stage1_features.json
2026-03-02 05:20:14,425 | INFO | capstone.gold | Loading Stage 2 features: /workspace/artifacts/gold/pump/pump__gold__stage2_features.json
2026-03-02 05:20:14,432 | INFO | capstone.file_io | Loading JSON: /workspace/artifacts/gold/pump/pump__gold__stage2_features.json
2026-03-02 05:20:14,450 | INFO | capstone.gold | Loading Stage 3 primary rule sensors: /workspace/artifacts/gold/pump/pump__gold__stage3_primary_rule_sensors.json
2026-03-02 05:20:14,458 | INFO | capstone.file_io | Loading JSON: /workspace/artifacts/gold/pump/pump__gold__stage3_primary_rule_sensors.json
2026-03-02 05:20:14,476 | INFO | capstone.gold | Loading Stage 3 secondary rule sensors: /workspace/artifacts/gold/pump/pump__gold__stage3_secondary_rule_sensors.json
2026-03-02 05:20:14,483 | INFO | capstone.file_io | Loading JSON: /workspace/artifacts/gold/pump/pump__gold__stage3_secondary_rule_sensors.json
2026-03-02 05:20:14,500 | INFO | capstone.gold | LEDGER | {'ts_utc': '2026-03-02T05:20:14.499938+00:00', 'stage': 'gold', 'recipe': 'gold_modeling__v001_cascade', 'kind': 'step', 'step': 'load_modeling_inputs', 'message': 'Loaded saved Gold fit/test parquet artifacts and Stage 1/2/3 feature inputs.', 'why': None, 'consequence': None, 'data': {'gold_fit_path': '/workspace/data/gold/pump__gold__fit_normal_only.parquet', 'gold_test_path': '/workspace/data/gold/pump__gold__test.parquet', 'gold_fit_shape': [161772, 87], 'gold_test_shape': [44064, 87], 'stage1_feature_count': 50, 'stage2_feature_count': 12, 'stage3_primary_count': 5, 'stage3_secondary_count': 7}}
2026-03-02 05:20:15,874 | INFO | capstone.gold | LEDGER | {'ts_utc': '2026-03-02T05:20:15.874338+00:00', 'stage': 'gold', 'recipe': 'gold_modeling__v001_cascade', 'kind': 'step', 'step': 'build_reference_profile', 'message': 'Built fit-period reference profile for Stage 3 confirmation logic.', 'why': None, 'consequence': None, 'data': {'training_rows': 161772, 'reference_feature_count': 50}}
2026-03-02 05:21:09,542 | INFO | capstone.gold | Gold Modeling stage starting
2026-03-02 05:21:09,546 | INFO | capstone.gold | Project Root Path Loaded: /workspace
2026-03-02 05:21:09,548 | INFO | capstone.gold | Project Logging Path Loaded: /workspace/logs
2026-03-02 05:21:09,551 | INFO | capstone.gold | Project Artifacts Path Loaded: /workspace/artifacts
2026-03-02 05:21:09,553 | INFO | capstone.gold | Project Notebooks Path Loaded /workspace/notebooks
2026-03-02 05:21:09,557 | INFO | capstone.gold | Project Data Path Loaded: /workspace/data
2026-03-02 05:21:09,559 | INFO | capstone.gold | Data Bronze Path Loaded: /workspace/data/bronze
2026-03-02 05:21:09,561 | INFO | capstone.gold | Data Bronze Training Path Loaded: /workspace/data/bronze/train
2026-03-02 05:21:09,563 | INFO | capstone.gold | Data Bronze Testing Path Loaded: /workspace/data/bronze/test
2026-03-02 05:21:09,565 | INFO | capstone.gold | Data Silver Path Loaded: /workspace/data/silver
2026-03-02 05:21:09,568 | INFO | capstone.gold | Data Silver Training Path Loaded: /workspace/data/silver/train
2026-03-02 05:21:09,570 | INFO | capstone.gold | Data Silver Testing Path Loaded: /workspace/data/silver/test
2026-03-02 05:21:09,573 | INFO | capstone.gold | Data Gold Path Loaded: /workspace/data/gold
2026-03-02 05:21:18,268 | INFO | capstone.gold | W&B initialized: gold__001
2026-03-02 05:21:18,298 | INFO | capstone.gold | LEDGER | {'ts_utc': '2026-03-02T05:21:18.298831+00:00', 'stage': 'gold', 'recipe': 'gold_modeling__v001_cascade', 'kind': 'step', 'step': 'init', 'message': 'Initialized ledger', 'why': None, 'consequence': None, 'data': {}}
2026-03-02 05:21:18,341 | INFO | capstone.gold | Loading Gold fit parquet: /workspace/data/gold/pump__gold__fit_normal_only.parquet
2026-03-02 05:21:18,347 | INFO | capstone.file_io | Loading Parquet: /workspace/data/gold/pump__gold__fit_normal_only.parquet
2026-03-02 05:21:19,044 | INFO | capstone.gold | Loading Gold test parquet: /workspace/data/gold/pump__gold__test.parquet
2026-03-02 05:21:19,047 | INFO | capstone.file_io | Loading Parquet: /workspace/data/gold/pump__gold__test.parquet
2026-03-02 05:21:19,200 | INFO | capstone.gold | Loading Stage 1 features: /workspace/artifacts/gold/pump/pump__gold__stage1_features.json
2026-03-02 05:21:19,207 | INFO | capstone.file_io | Loading JSON: /workspace/artifacts/gold/pump/pump__gold__stage1_features.json
2026-03-02 05:21:19,216 | INFO | capstone.gold | Loading Stage 2 features: /workspace/artifacts/gold/pump/pump__gold__stage2_features.json
2026-03-02 05:21:19,224 | INFO | capstone.file_io | Loading JSON: /workspace/artifacts/gold/pump/pump__gold__stage2_features.json
2026-03-02 05:21:19,234 | INFO | capstone.gold | Loading Stage 3 primary rule sensors: /workspace/artifacts/gold/pump/pump__gold__stage3_primary_rule_sensors.json
2026-03-02 05:21:19,242 | INFO | capstone.file_io | Loading JSON: /workspace/artifacts/gold/pump/pump__gold__stage3_primary_rule_sensors.json
2026-03-02 05:21:19,250 | INFO | capstone.gold | Loading Stage 3 secondary rule sensors: /workspace/artifacts/gold/pump/pump__gold__stage3_secondary_rule_sensors.json
2026-03-02 05:21:19,258 | INFO | capstone.file_io | Loading JSON: /workspace/artifacts/gold/pump/pump__gold__stage3_secondary_rule_sensors.json
2026-03-02 05:21:19,266 | INFO | capstone.gold | LEDGER | {'ts_utc': '2026-03-02T05:21:19.266699+00:00', 'stage': 'gold', 'recipe': 'gold_modeling__v001_cascade', 'kind': 'step', 'step': 'load_modeling_inputs', 'message': 'Loaded saved Gold fit/test parquet artifacts and Stage 1/2/3 feature inputs.', 'why': None, 'consequence': None, 'data': {'gold_fit_path': '/workspace/data/gold/pump__gold__fit_normal_only.parquet', 'gold_test_path': '/workspace/data/gold/pump__gold__test.parquet', 'gold_fit_shape': [161772, 87], 'gold_test_shape': [44064, 87], 'stage1_feature_count': 50, 'stage2_feature_count': 12, 'stage3_primary_count': 5, 'stage3_secondary_count': 7}}
2026-03-02 05:21:19,786 | INFO | capstone.gold | LEDGER | {'ts_utc': '2026-03-02T05:21:19.786267+00:00', 'stage': 'gold', 'recipe': 'gold_modeling__v001_cascade', 'kind': 'step', 'step': 'build_reference_profile', 'message': 'Built fit-period reference profile for Stage 3 confirmation logic.', 'why': None, 'consequence': None, 'data': {'training_rows': 161772, 'reference_feature_count': 50}}
2026-03-02 05:21:21,898 | INFO | capstone.gold | LEDGER | {'ts_utc': '2026-03-02T05:21:21.898511+00:00', 'stage': 'gold', 'recipe': 'gold_modeling__v001_cascade', 'kind': 'step', 'step': 'run_cascade_stage1', 'message': 'Ran Stage 1 broad Isolation Forest using saved Gold fit data and scored the saved Gold test data.', 'why': None, 'consequence': None, 'data': {'estimator_count': 200, 'threshold_percentile': 95.0, 'threshold': 0.532497962842102, 'feature_count': 50, 'alert_count_test_rows': 785}}
2026-03-02 05:21:24,664 | INFO | capstone.gold | LEDGER | {'ts_utc': '2026-03-02T05:21:24.664687+00:00', 'stage': 'gold', 'recipe': 'gold_modeling__v001_cascade', 'kind': 'step', 'step': 'run_cascade_stage2', 'message': 'Ran Stage 2 narrow Isolation Forest on saved Gold fit data and gated test results through Stage 1.', 'why': None, 'consequence': None, 'data': {'estimator_count': 300, 'threshold_percentile': 98.5, 'threshold': 0.6900805433271796, 'feature_count': 12, 'raw_alert_count_all_rows': 2, 'stage2_confirmed_count_test_rows': 2}}
2026-03-02 05:21:30,827 | INFO | capstone.gold | LEDGER | {'ts_utc': '2026-03-02T05:21:30.827263+00:00', 'stage': 'gold', 'recipe': 'gold_modeling__v001_cascade', 'kind': 'step', 'step': 'run_cascade_stage3_confirmation', 'message': 'Applied Stage 3 confirmation checks to the saved Gold test data.', 'why': None, 'consequence': None, 'data': {'primary_rule_sensor_count': 5, 'secondary_rule_sensor_count': 7, 'profile_breach_rows': 6694, 'corroboration_rows': 15609, 'persistence_rows': 2, 'drift_rows': 6978, 'final_alert_count_all_rows': 2, 'final_alert_count_test_rows': 2}}
2026-03-02 05:21:38,915 | INFO | capstone.file_io | Saved JSON: /workspace/artifacts/gold/pump/pump__gold__cascade_thresholds.json
2026-03-02 05:21:38,930 | INFO | capstone.file_io | Saved JSON: /workspace/artifacts/gold/pump/pump__gold__cascade_summary.json
2026-03-02 05:21:38,943 | INFO | capstone.file_io | Saved JSON: /workspace/artifacts/gold/pump/pump__gold__cascade_metadata.json
2026-03-02 05:21:39,181 | INFO | capstone.gold | LEDGER | {'ts_utc': '2026-03-02T05:21:39.181324+00:00', 'stage': 'gold', 'recipe': 'gold_modeling__v001_cascade', 'kind': 'step', 'step': 'save_cascade_outputs', 'message': 'Saved cascade results, trained Stage 1 and Stage 2 models, thresholds, summary, metadata, and reference profile.', 'why': None, 'consequence': None, 'data': {'cascade_results_path': '/workspace/artifacts/gold/pump/pump__gold__cascade_results.csv', 'cascade_reference_profile_path': '/workspace/artifacts/gold/pump/pump__gold__cascade_reference_profile.csv', 'stage1_model_path': '/workspace/artifacts/gold/pump/pump__gold__stage1_isolation_forest.joblib', 'stage2_model_path': '/workspace/artifacts/gold/pump/pump__gold__stage2_isolation_forest.joblib', 'cascade_thresholds_path': '/workspace/artifacts/gold/pump/pump__gold__cascade_thresholds.json', 'cascade_summary_path': '/workspace/artifacts/gold/pump/pump__gold__cascade_summary.json', 'cascade_metadata_path': '/workspace/artifacts/gold/pump/pump__gold__cascade_metadata.json', 'gold_fit_path': '/workspace/data/gold/pump__gold__fit_normal_only.parquet', 'gold_test_path': '/workspace/data/gold/pump__gold__test.parquet', 'result_row_count': 44064, 'stage1_alert_count_all_rows': 785, 'stage2_alert_count_all_rows': 2, 'final_cascade_alert_count_all_rows': 2}}
2026-03-02 05:21:39,204 | INFO | capstone.gold | LEDGER | {'ts_utc': '2026-03-02T05:21:39.204564+00:00', 'stage': 'gold', 'recipe': 'gold_modeling__v001_cascade', 'kind': 'step', 'step': 'finalize_cascade_modeling', 'message': 'Gold cascade modeling notebook complete.', 'why': None, 'consequence': None, 'data': {'cascade_metrics': {'model': '3-Stage Cascade', 'stage1_alert_count_all_rows': 785, 'stage2_alert_count_all_rows': 2, 'final_alert_count_all_rows': 2, 'stage1_alert_count_test_rows': 785, 'stage2_alert_count_test_rows': 2, 'final_alert_count_test_rows': 2, 'precision': 0.0, 'recall': 0.0, 'f1': 0.0}, 'cascade_results_path': '/workspace/artifacts/gold/pump/pump__gold__cascade_results.csv', 'stage1_model_path': '/workspace/artifacts/gold/pump/pump__gold__stage1_isolation_forest.joblib', 'stage2_model_path': '/workspace/artifacts/gold/pump/pump__gold__stage2_isolation_forest.joblib'}}
