2026-03-02 01:26:35,893 | INFO | capstone.gold | Gold Modeling stage starting
2026-03-02 01:26:35,896 | INFO | capstone.gold | Project Root Path Loaded: /workspace
2026-03-02 01:26:35,898 | INFO | capstone.gold | Project Logging Path Loaded: /workspace/logs
2026-03-02 01:26:35,901 | INFO | capstone.gold | Project Artifacts Path Loaded: /workspace/artifacts
2026-03-02 01:26:35,905 | INFO | capstone.gold | Project Notebooks Path Loaded /workspace/notebooks
2026-03-02 01:26:35,907 | INFO | capstone.gold | Project Data Path Loaded: /workspace/data
2026-03-02 01:26:35,908 | INFO | capstone.gold | Data Bronze Path Loaded: /workspace/data/bronze
2026-03-02 01:26:35,910 | INFO | capstone.gold | Data Bronze Training Path Loaded: /workspace/data/bronze/train
2026-03-02 01:26:35,912 | INFO | capstone.gold | Data Bronze Testing Path Loaded: /workspace/data/bronze/test
2026-03-02 01:26:35,913 | INFO | capstone.gold | Data Silver Path Loaded: /workspace/data/silver
2026-03-02 01:26:35,916 | INFO | capstone.gold | Data Silver Training Path Loaded: /workspace/data/silver/train
2026-03-02 01:26:35,918 | INFO | capstone.gold | Data Silver Testing Path Loaded: /workspace/data/silver/test
2026-03-02 01:26:35,920 | INFO | capstone.gold | Data Gold Path Loaded: /workspace/data/gold
2026-03-02 01:33:02,503 | INFO | capstone.gold | Gold Modeling stage starting
2026-03-02 01:33:02,505 | INFO | capstone.gold | Project Root Path Loaded: /workspace
2026-03-02 01:33:02,506 | INFO | capstone.gold | Project Logging Path Loaded: /workspace/logs
2026-03-02 01:33:02,508 | INFO | capstone.gold | Project Artifacts Path Loaded: /workspace/artifacts
2026-03-02 01:33:02,509 | INFO | capstone.gold | Project Notebooks Path Loaded /workspace/notebooks
2026-03-02 01:33:02,511 | INFO | capstone.gold | Project Data Path Loaded: /workspace/data
2026-03-02 01:33:02,512 | INFO | capstone.gold | Data Bronze Path Loaded: /workspace/data/bronze
2026-03-02 01:33:02,514 | INFO | capstone.gold | Data Bronze Training Path Loaded: /workspace/data/bronze/train
2026-03-02 01:33:02,516 | INFO | capstone.gold | Data Bronze Testing Path Loaded: /workspace/data/bronze/test
2026-03-02 01:33:02,517 | INFO | capstone.gold | Data Silver Path Loaded: /workspace/data/silver
2026-03-02 01:33:02,518 | INFO | capstone.gold | Data Silver Training Path Loaded: /workspace/data/silver/train
2026-03-02 01:33:02,519 | INFO | capstone.gold | Data Silver Testing Path Loaded: /workspace/data/silver/test
2026-03-02 01:33:02,521 | INFO | capstone.gold | Data Gold Path Loaded: /workspace/data/gold
2026-03-02 01:33:38,804 | INFO | capstone.gold | Gold Modeling stage starting
2026-03-02 01:33:38,806 | INFO | capstone.gold | Project Root Path Loaded: /workspace
2026-03-02 01:33:38,809 | INFO | capstone.gold | Project Logging Path Loaded: /workspace/logs
2026-03-02 01:33:38,810 | INFO | capstone.gold | Project Artifacts Path Loaded: /workspace/artifacts
2026-03-02 01:33:38,812 | INFO | capstone.gold | Project Notebooks Path Loaded /workspace/notebooks
2026-03-02 01:33:38,813 | INFO | capstone.gold | Project Data Path Loaded: /workspace/data
2026-03-02 01:33:38,815 | INFO | capstone.gold | Data Bronze Path Loaded: /workspace/data/bronze
2026-03-02 01:33:38,816 | INFO | capstone.gold | Data Bronze Training Path Loaded: /workspace/data/bronze/train
2026-03-02 01:33:38,818 | INFO | capstone.gold | Data Bronze Testing Path Loaded: /workspace/data/bronze/test
2026-03-02 01:33:38,820 | INFO | capstone.gold | Data Silver Path Loaded: /workspace/data/silver
2026-03-02 01:33:38,822 | INFO | capstone.gold | Data Silver Training Path Loaded: /workspace/data/silver/train
2026-03-02 01:33:38,825 | INFO | capstone.gold | Data Silver Testing Path Loaded: /workspace/data/silver/test
2026-03-02 01:33:38,827 | INFO | capstone.gold | Data Gold Path Loaded: /workspace/data/gold
2026-03-02 01:33:43,162 | INFO | capstone.gold | W&B initialized: gold__001
2026-03-02 01:33:43,961 | INFO | capstone.gold | LEDGER | {'ts_utc': '2026-03-02T01:33:43.961165+00:00', 'stage': 'gold', 'recipe': 'gold_modeling__v001_baseline', 'kind': 'step', 'step': 'init', 'message': 'Initialized ledger', 'why': None, 'consequence': None, 'data': {}}
2026-03-02 01:33:44,602 | INFO | capstone.gold | Loading Gold fit parquet: /workspace/data/gold/pump__gold__fit_normal_only.parquet
2026-03-02 01:33:44,605 | INFO | capstone.file_io | Loading Parquet: /workspace/data/gold/pump__gold__fit_normal_only.parquet
2026-03-02 01:33:45,288 | INFO | capstone.gold | Loading Gold test parquet: /workspace/data/gold/pump__gold__test.parquet
2026-03-02 01:33:45,290 | INFO | capstone.file_io | Loading Parquet: /workspace/data/gold/pump__gold__test.parquet
2026-03-02 01:33:45,448 | INFO | capstone.gold | Loading Stage 1 features: /workspace/artifacts/gold/pump/pump__gold__stage1_features.json
2026-03-02 01:33:45,454 | INFO | capstone.file_io | Loading JSON: /workspace/artifacts/gold/pump/pump__gold__stage1_features.json
2026-03-02 01:33:45,463 | INFO | capstone.gold | LEDGER | {'ts_utc': '2026-03-02T01:33:45.463268+00:00', 'stage': 'gold', 'recipe': 'gold_modeling__v001_baseline', 'kind': 'step', 'step': 'load_modeling_inputs', 'message': 'Loaded saved Gold fit/test parquet artifacts and Stage 1 feature list.', 'why': None, 'consequence': None, 'data': {'gold_fit_path': '/workspace/data/gold/pump__gold__fit_normal_only.parquet', 'gold_test_path': '/workspace/data/gold/pump__gold__test.parquet', 'stage1_features_path': '/workspace/artifacts/gold/pump/pump__gold__stage1_features.json', 'gold_fit_shape': [161772, 87], 'gold_test_shape': [44064, 87], 'stage1_feature_count': 50}}
2026-03-02 02:01:27,993 | INFO | capstone.gold | Gold Modeling stage starting
2026-03-02 02:01:27,996 | INFO | capstone.gold | Project Root Path Loaded: /workspace
2026-03-02 02:01:27,999 | INFO | capstone.gold | Project Logging Path Loaded: /workspace/logs
2026-03-02 02:01:28,001 | INFO | capstone.gold | Project Artifacts Path Loaded: /workspace/artifacts
2026-03-02 02:01:28,003 | INFO | capstone.gold | Project Notebooks Path Loaded /workspace/notebooks
2026-03-02 02:01:28,005 | INFO | capstone.gold | Project Data Path Loaded: /workspace/data
2026-03-02 02:01:28,008 | INFO | capstone.gold | Data Bronze Path Loaded: /workspace/data/bronze
2026-03-02 02:01:28,009 | INFO | capstone.gold | Data Bronze Training Path Loaded: /workspace/data/bronze/train
2026-03-02 02:01:28,011 | INFO | capstone.gold | Data Bronze Testing Path Loaded: /workspace/data/bronze/test
2026-03-02 02:01:28,013 | INFO | capstone.gold | Data Silver Path Loaded: /workspace/data/silver
2026-03-02 02:01:28,015 | INFO | capstone.gold | Data Silver Training Path Loaded: /workspace/data/silver/train
2026-03-02 02:01:28,016 | INFO | capstone.gold | Data Silver Testing Path Loaded: /workspace/data/silver/test
2026-03-02 02:01:28,017 | INFO | capstone.gold | Data Gold Path Loaded: /workspace/data/gold
2026-03-02 02:01:35,156 | INFO | capstone.gold | W&B initialized: gold__001
2026-03-02 02:01:35,179 | INFO | capstone.gold | LEDGER | {'ts_utc': '2026-03-02T02:01:35.179934+00:00', 'stage': 'gold', 'recipe': 'gold_modeling__v001_baseline', 'kind': 'step', 'step': 'init', 'message': 'Initialized ledger', 'why': None, 'consequence': None, 'data': {}}
2026-03-02 02:01:35,224 | INFO | capstone.gold | Loading Gold fit parquet: /workspace/data/gold/pump__gold__fit_normal_only.parquet
2026-03-02 02:01:35,229 | INFO | capstone.file_io | Loading Parquet: /workspace/data/gold/pump__gold__fit_normal_only.parquet
2026-03-02 02:01:35,876 | INFO | capstone.gold | Loading Gold test parquet: /workspace/data/gold/pump__gold__test.parquet
2026-03-02 02:01:35,878 | INFO | capstone.file_io | Loading Parquet: /workspace/data/gold/pump__gold__test.parquet
2026-03-02 02:01:36,028 | INFO | capstone.gold | Loading Stage 1 features: /workspace/artifacts/gold/pump/pump__gold__stage1_features.json
2026-03-02 02:01:36,035 | INFO | capstone.file_io | Loading JSON: /workspace/artifacts/gold/pump/pump__gold__stage1_features.json
2026-03-02 02:01:36,045 | INFO | capstone.gold | LEDGER | {'ts_utc': '2026-03-02T02:01:36.045828+00:00', 'stage': 'gold', 'recipe': 'gold_modeling__v001_baseline', 'kind': 'step', 'step': 'load_modeling_inputs', 'message': 'Loaded saved Gold fit/test parquet artifacts and Stage 1 feature list.', 'why': None, 'consequence': None, 'data': {'gold_fit_path': '/workspace/data/gold/pump__gold__fit_normal_only.parquet', 'gold_test_path': '/workspace/data/gold/pump__gold__test.parquet', 'stage1_features_path': '/workspace/artifacts/gold/pump/pump__gold__stage1_features.json', 'gold_fit_shape': [161772, 87], 'gold_test_shape': [44064, 87], 'stage1_feature_count': 50}}
2026-03-02 02:01:38,372 | INFO | capstone.gold | LEDGER | {'ts_utc': '2026-03-02T02:01:38.372620+00:00', 'stage': 'gold', 'recipe': 'gold_modeling__v001_baseline', 'kind': 'step', 'step': 'run_baseline_isolation_forest', 'message': 'Ran baseline Isolation Forest using saved Gold fit data and scored the saved Gold test data.', 'why': None, 'consequence': None, 'data': {'estimator_count': 200, 'threshold_percentile': 97.0, 'threshold': 0.5507766554570627, 'training_rows': 161772, 'test_rows': 44064, 'feature_count': 50, 'alert_count_test_rows': 594, 'precision': 0.0, 'recall': 0.0, 'f1': 0.0, 'roc_auc': None, 'pr_auc': None}}
2026-03-02 02:01:46,058 | INFO | capstone.file_io | Saved JSON: /workspace/artifacts/gold/pump/pump__gold__baseline_thresholds.json
2026-03-02 02:01:46,074 | INFO | capstone.file_io | Saved JSON: /workspace/artifacts/gold/pump/pump__gold__baseline_summary.json
2026-03-02 02:01:46,090 | INFO | capstone.file_io | Saved JSON: /workspace/artifacts/gold/pump/pump__gold__baseline_metadata.json
2026-03-02 02:01:46,269 | INFO | capstone.gold | LEDGER | {'ts_utc': '2026-03-02T02:01:46.269158+00:00', 'stage': 'gold', 'recipe': 'gold_modeling__v001_baseline', 'kind': 'step', 'step': 'save_baseline_outputs', 'message': 'Saved baseline results, trained Isolation Forest model, thresholds, summary, and metadata.', 'why': None, 'consequence': None, 'data': {'baseline_results_path': '/workspace/artifacts/gold/pump/pump__gold__baseline_results.csv', 'baseline_model_path': '/workspace/artifacts/gold/pump/pump__gold__baseline_isolation_forest.joblib', 'baseline_thresholds_path': '/workspace/artifacts/gold/pump/pump__gold__baseline_thresholds.json', 'baseline_summary_path': '/workspace/artifacts/gold/pump/pump__gold__baseline_summary.json', 'baseline_metadata_path': '/workspace/artifacts/gold/pump/pump__gold__baseline_metadata.json', 'result_row_count': 44064, 'alert_count_all_rows': 594, 'alert_count_test_rows': 594}}
2026-03-02 02:01:46,293 | INFO | capstone.gold | LEDGER | {'ts_utc': '2026-03-02T02:01:46.293416+00:00', 'stage': 'gold', 'recipe': 'gold_modeling__v001_baseline', 'kind': 'step', 'step': 'finalize_baseline_modeling', 'message': 'Gold baseline modeling notebook complete.', 'why': None, 'consequence': None, 'data': {'baseline_metrics': {'model': 'Baseline IsolationForest', 'threshold_percentile': 97.0, 'threshold': 0.5507766554570627, 'alert_count_all_rows': 594, 'alert_count_test_rows': 594, 'precision': 0.0, 'recall': 0.0, 'f1': 0.0, 'roc_auc': None, 'pr_auc': None}, 'baseline_results_path': '/workspace/artifacts/gold/pump/pump__gold__baseline_results.csv', 'baseline_model_path': '/workspace/artifacts/gold/pump/pump__gold__baseline_isolation_forest.joblib'}}
2026-03-02 02:14:51,455 | INFO | capstone.gold | Gold Modeling stage starting
2026-03-02 02:14:51,458 | INFO | capstone.gold | Project Root Path Loaded: /workspace
2026-03-02 02:14:51,460 | INFO | capstone.gold | Project Logging Path Loaded: /workspace/logs
2026-03-02 02:14:51,462 | INFO | capstone.gold | Project Artifacts Path Loaded: /workspace/artifacts
2026-03-02 02:14:51,467 | INFO | capstone.gold | Project Notebooks Path Loaded /workspace/notebooks
2026-03-02 02:14:51,475 | INFO | capstone.gold | Project Data Path Loaded: /workspace/data
2026-03-02 02:14:51,477 | INFO | capstone.gold | Data Bronze Path Loaded: /workspace/data/bronze
2026-03-02 02:14:51,479 | INFO | capstone.gold | Data Bronze Training Path Loaded: /workspace/data/bronze/train
2026-03-02 02:14:51,490 | INFO | capstone.gold | Data Bronze Testing Path Loaded: /workspace/data/bronze/test
2026-03-02 02:14:51,495 | INFO | capstone.gold | Data Silver Path Loaded: /workspace/data/silver
2026-03-02 02:14:51,499 | INFO | capstone.gold | Data Silver Training Path Loaded: /workspace/data/silver/train
2026-03-02 02:14:51,502 | INFO | capstone.gold | Data Silver Testing Path Loaded: /workspace/data/silver/test
2026-03-02 02:14:51,505 | INFO | capstone.gold | Data Gold Path Loaded: /workspace/data/gold
2026-03-02 02:14:52,612 | INFO | capstone.gold | W&B initialized: gold__001
2026-03-02 02:14:53,174 | INFO | capstone.gold | LEDGER | {'ts_utc': '2026-03-02T02:14:53.174347+00:00', 'stage': 'gold', 'recipe': 'gold_modeling__v001_baseline', 'kind': 'step', 'step': 'init', 'message': 'Initialized ledger', 'why': None, 'consequence': None, 'data': {}}
2026-03-02 02:14:53,835 | INFO | capstone.gold | Loading Gold fit parquet: /workspace/data/gold/pump__gold__fit_normal_only.parquet
2026-03-02 02:14:53,837 | INFO | capstone.file_io | Loading Parquet: /workspace/data/gold/pump__gold__fit_normal_only.parquet
2026-03-02 02:14:54,710 | INFO | capstone.gold | Loading Gold test parquet: /workspace/data/gold/pump__gold__test.parquet
2026-03-02 02:14:54,712 | INFO | capstone.file_io | Loading Parquet: /workspace/data/gold/pump__gold__test.parquet
2026-03-02 02:14:54,841 | INFO | capstone.gold | Loading Stage 1 features: /workspace/artifacts/gold/pump/pump__gold__stage1_features.json
2026-03-02 02:14:54,847 | INFO | capstone.file_io | Loading JSON: /workspace/artifacts/gold/pump/pump__gold__stage1_features.json
2026-03-02 02:14:54,856 | INFO | capstone.gold | LEDGER | {'ts_utc': '2026-03-02T02:14:54.855989+00:00', 'stage': 'gold', 'recipe': 'gold_modeling__v001_baseline', 'kind': 'step', 'step': 'load_modeling_inputs', 'message': 'Loaded saved Gold fit/test parquet artifacts and Stage 1 feature list.', 'why': None, 'consequence': None, 'data': {'gold_fit_path': '/workspace/data/gold/pump__gold__fit_normal_only.parquet', 'gold_test_path': '/workspace/data/gold/pump__gold__test.parquet', 'stage1_features_path': '/workspace/artifacts/gold/pump/pump__gold__stage1_features.json', 'gold_fit_shape': [161772, 87], 'gold_test_shape': [44064, 87], 'stage1_feature_count': 50}}
2026-03-02 02:15:02,519 | INFO | capstone.gold | LEDGER | {'ts_utc': '2026-03-02T02:15:02.519591+00:00', 'stage': 'gold', 'recipe': 'gold_modeling__v001_baseline', 'kind': 'step', 'step': 'run_baseline_isolation_forest', 'message': 'Ran baseline Isolation Forest using saved Gold fit data and scored the saved Gold test data.', 'why': None, 'consequence': None, 'data': {'estimator_count': 200, 'threshold_percentile': 97.0, 'threshold': 0.5507766554570627, 'training_rows': 161772, 'test_rows': 44064, 'feature_count': 50, 'alert_count_test_rows': 594, 'precision': 0.0, 'recall': 0.0, 'f1': 0.0, 'roc_auc': None, 'pr_auc': None}}
2026-03-02 02:15:10,930 | INFO | capstone.file_io | Saved JSON: /workspace/artifacts/gold/pump/pump__gold__baseline_thresholds.json
2026-03-02 02:15:10,947 | INFO | capstone.file_io | Saved JSON: /workspace/artifacts/gold/pump/pump__gold__baseline_summary.json
2026-03-02 02:15:10,968 | INFO | capstone.file_io | Saved JSON: /workspace/artifacts/gold/pump/pump__gold__baseline_metadata.json
2026-03-02 02:15:11,158 | INFO | capstone.gold | LEDGER | {'ts_utc': '2026-03-02T02:15:11.158664+00:00', 'stage': 'gold', 'recipe': 'gold_modeling__v001_baseline', 'kind': 'step', 'step': 'save_baseline_outputs', 'message': 'Saved baseline results, trained Isolation Forest model, thresholds, summary, and metadata.', 'why': None, 'consequence': None, 'data': {'baseline_results_path': '/workspace/artifacts/gold/pump/pump__gold__baseline_results.csv', 'baseline_model_path': '/workspace/artifacts/gold/pump/pump__gold__baseline_isolation_forest.joblib', 'baseline_thresholds_path': '/workspace/artifacts/gold/pump/pump__gold__baseline_thresholds.json', 'baseline_summary_path': '/workspace/artifacts/gold/pump/pump__gold__baseline_summary.json', 'baseline_metadata_path': '/workspace/artifacts/gold/pump/pump__gold__baseline_metadata.json', 'result_row_count': 44064, 'alert_count_all_rows': 594, 'alert_count_test_rows': 594}}
2026-03-02 02:15:11,493 | INFO | capstone.gold | LEDGER | {'ts_utc': '2026-03-02T02:15:11.493182+00:00', 'stage': 'gold', 'recipe': 'gold_modeling__v001_baseline', 'kind': 'step', 'step': 'finalize_baseline_modeling', 'message': 'Gold baseline modeling notebook complete.', 'why': None, 'consequence': None, 'data': {'baseline_metrics': {'model': 'Baseline IsolationForest', 'threshold_percentile': 97.0, 'threshold': 0.5507766554570627, 'alert_count_all_rows': 594, 'alert_count_test_rows': 594, 'precision': 0.0, 'recall': 0.0, 'f1': 0.0, 'roc_auc': None, 'pr_auc': None}, 'baseline_results_path': '/workspace/artifacts/gold/pump/pump__gold__baseline_results.csv', 'baseline_model_path': '/workspace/artifacts/gold/pump/pump__gold__baseline_isolation_forest.joblib'}}
2026-03-02 02:24:04,299 | INFO | capstone.gold | Gold Modeling stage starting
2026-03-02 02:24:04,301 | INFO | capstone.gold | Project Root Path Loaded: /workspace
2026-03-02 02:24:04,304 | INFO | capstone.gold | Project Logging Path Loaded: /workspace/logs
2026-03-02 02:24:04,305 | INFO | capstone.gold | Project Artifacts Path Loaded: /workspace/artifacts
2026-03-02 02:24:04,307 | INFO | capstone.gold | Project Notebooks Path Loaded /workspace/notebooks
2026-03-02 02:24:04,308 | INFO | capstone.gold | Project Data Path Loaded: /workspace/data
2026-03-02 02:24:04,309 | INFO | capstone.gold | Data Bronze Path Loaded: /workspace/data/bronze
2026-03-02 02:24:04,311 | INFO | capstone.gold | Data Bronze Training Path Loaded: /workspace/data/bronze/train
2026-03-02 02:24:04,312 | INFO | capstone.gold | Data Bronze Testing Path Loaded: /workspace/data/bronze/test
2026-03-02 02:24:04,315 | INFO | capstone.gold | Data Silver Path Loaded: /workspace/data/silver
2026-03-02 02:24:04,317 | INFO | capstone.gold | Data Silver Training Path Loaded: /workspace/data/silver/train
2026-03-02 02:24:04,318 | INFO | capstone.gold | Data Silver Testing Path Loaded: /workspace/data/silver/test
2026-03-02 02:24:04,320 | INFO | capstone.gold | Data Gold Path Loaded: /workspace/data/gold
2026-03-02 02:24:05,381 | INFO | capstone.gold | W&B initialized: gold__001
2026-03-02 02:24:05,955 | INFO | capstone.gold | LEDGER | {'ts_utc': '2026-03-02T02:24:05.955233+00:00', 'stage': 'gold', 'recipe': 'gold_modeling__v001_baseline', 'kind': 'step', 'step': 'init', 'message': 'Initialized ledger', 'why': None, 'consequence': None, 'data': {}}
2026-03-02 02:24:06,568 | INFO | capstone.gold | Loading Gold fit parquet: /workspace/data/gold/pump__gold__fit_normal_only.parquet
2026-03-02 02:24:06,572 | INFO | capstone.file_io | Loading Parquet: /workspace/data/gold/pump__gold__fit_normal_only.parquet
2026-03-02 02:24:07,219 | INFO | capstone.gold | Loading Gold test parquet: /workspace/data/gold/pump__gold__test.parquet
2026-03-02 02:24:07,224 | INFO | capstone.file_io | Loading Parquet: /workspace/data/gold/pump__gold__test.parquet
2026-03-02 02:24:07,375 | INFO | capstone.gold | Loading Stage 1 features: /workspace/artifacts/gold/pump/pump__gold__stage1_features.json
2026-03-02 02:24:07,383 | INFO | capstone.file_io | Loading JSON: /workspace/artifacts/gold/pump/pump__gold__stage1_features.json
2026-03-02 02:24:07,392 | INFO | capstone.gold | LEDGER | {'ts_utc': '2026-03-02T02:24:07.392893+00:00', 'stage': 'gold', 'recipe': 'gold_modeling__v001_baseline', 'kind': 'step', 'step': 'load_modeling_inputs', 'message': 'Loaded saved Gold fit/test parquet artifacts and Stage 1 feature list.', 'why': None, 'consequence': None, 'data': {'gold_fit_path': '/workspace/data/gold/pump__gold__fit_normal_only.parquet', 'gold_test_path': '/workspace/data/gold/pump__gold__test.parquet', 'stage1_features_path': '/workspace/artifacts/gold/pump/pump__gold__stage1_features.json', 'gold_fit_shape': [161772, 87], 'gold_test_shape': [44064, 87], 'stage1_feature_count': 50}}
2026-03-02 02:24:12,113 | INFO | capstone.gold | LEDGER | {'ts_utc': '2026-03-02T02:24:12.113371+00:00', 'stage': 'gold', 'recipe': 'gold_modeling__v001_baseline', 'kind': 'step', 'step': 'run_baseline_isolation_forest', 'message': 'Ran baseline Isolation Forest using saved Gold fit data and scored the saved Gold test data.', 'why': None, 'consequence': None, 'data': {'estimator_count': 200, 'threshold_percentile': 97.0, 'threshold': 0.5507766554570627, 'training_rows': 161772, 'test_rows': 44064, 'feature_count': 50, 'alert_count_test_rows': 594, 'precision': 0.0, 'recall': 0.0, 'f1': 0.0, 'roc_auc': None, 'pr_auc': None}}
2026-03-02 02:24:19,834 | INFO | capstone.file_io | Saved JSON: /workspace/artifacts/gold/pump/pump__gold__baseline_thresholds.json
2026-03-02 02:24:19,850 | INFO | capstone.file_io | Saved JSON: /workspace/artifacts/gold/pump/pump__gold__baseline_summary.json
2026-03-02 02:24:19,865 | INFO | capstone.file_io | Saved JSON: /workspace/artifacts/gold/pump/pump__gold__baseline_metadata.json
2026-03-02 02:24:20,108 | INFO | capstone.gold | LEDGER | {'ts_utc': '2026-03-02T02:24:20.108673+00:00', 'stage': 'gold', 'recipe': 'gold_modeling__v001_baseline', 'kind': 'step', 'step': 'save_baseline_outputs', 'message': 'Saved baseline results, trained Isolation Forest model, thresholds, summary, and metadata.', 'why': None, 'consequence': None, 'data': {'baseline_results_path': '/workspace/artifacts/gold/pump/pump__gold__baseline_results.csv', 'baseline_model_artifact_path': '/workspace/artifacts/gold/pump/pump__gold__baseline_isolation_forest.joblib', 'baseline_model_path': '/workspace/models/pump/pump__gold__baseline_isolation_forest.joblib', 'baseline_thresholds_path': '/workspace/artifacts/gold/pump/pump__gold__baseline_thresholds.json', 'baseline_summary_path': '/workspace/artifacts/gold/pump/pump__gold__baseline_summary.json', 'baseline_metadata_path': '/workspace/artifacts/gold/pump/pump__gold__baseline_metadata.json', 'result_row_count': 44064, 'alert_count_all_rows': 594, 'alert_count_test_rows': 594}}
2026-03-02 02:24:20,415 | INFO | capstone.gold | LEDGER | {'ts_utc': '2026-03-02T02:24:20.415783+00:00', 'stage': 'gold', 'recipe': 'gold_modeling__v001_baseline', 'kind': 'step', 'step': 'finalize_baseline_modeling', 'message': 'Gold baseline modeling notebook complete.', 'why': None, 'consequence': None, 'data': {'baseline_metrics': {'model': 'Baseline IsolationForest', 'threshold_percentile': 97.0, 'threshold': 0.5507766554570627, 'alert_count_all_rows': 594, 'alert_count_test_rows': 594, 'precision': 0.0, 'recall': 0.0, 'f1': 0.0, 'roc_auc': None, 'pr_auc': None}, 'baseline_results_path': '/workspace/artifacts/gold/pump/pump__gold__baseline_results.csv', 'baseline_model_artifact_path': '/workspace/artifacts/gold/pump/pump__gold__baseline_isolation_forest.joblib', 'baseline_model_path': '/workspace/models/pump/pump__gold__baseline_isolation_forest.joblib'}}
