2026-03-01 04:57:01,777 | INFO | capstone.gold | Gold stage starting
2026-03-01 04:57:01,779 | INFO | capstone.gold | Project Root Path Loaded: /workspace
2026-03-01 04:57:01,781 | INFO | capstone.gold | Project Logging Path Loaded: /workspace/logs
2026-03-01 04:57:01,782 | INFO | capstone.gold | Project Artifacts Path Loaded: /workspace/artifacts
2026-03-01 04:57:01,785 | INFO | capstone.gold | Project Notebooks Path Loaded /workspace/notebooks
2026-03-01 04:57:01,788 | INFO | capstone.gold | Project Data Path Loaded: /workspace/data
2026-03-01 04:57:01,789 | INFO | capstone.gold | Data Bronze Path Loaded: /workspace/data/bronze
2026-03-01 04:57:01,791 | INFO | capstone.gold | Data Bronze Training Path Loaded: /workspace/data/bronze/train
2026-03-01 04:57:01,798 | INFO | capstone.gold | Data Bronze Testing Path Loaded: /workspace/data/bronze/test
2026-03-01 04:57:01,800 | INFO | capstone.gold | Data Silver Path Loaded: /workspace/data/silver
2026-03-01 04:57:01,802 | INFO | capstone.gold | Data Silver Training Path Loaded: /workspace/data/silver/train
2026-03-01 04:57:01,803 | INFO | capstone.gold | Data Silver Testing Path Loaded: /workspace/data/silver/test
2026-03-01 04:57:01,805 | INFO | capstone.gold | Data Gold Path Loaded: /workspace/data/gold
2026-03-01 04:57:05,655 | INFO | capstone.gold | W&B initialized: gold__001
2026-03-01 04:57:06,293 | INFO | capstone.gold | LEDGER | {'ts_utc': '2026-03-01T04:57:06.293498+00:00', 'stage': 'gold', 'recipe': 'gold_preprocessing__v001_cascade', 'kind': 'step', 'step': 'init', 'message': 'Initialized ledger', 'why': None, 'consequence': None, 'data': {}}
2026-03-01 04:57:06,937 | INFO | capstone.gold | Loading Silver parquet: /workspace/data/silver/train/pump__silver__train.parquet
2026-03-01 04:57:06,941 | INFO | capstone.file_io | Loading Parquet: /workspace/data/silver/train/pump__silver__train.parquet
2026-03-01 04:57:07,861 | INFO | capstone.gold | Loading feature registry: /workspace/artifacts/silver/silver__pump__feature_registry.json
2026-03-01 04:57:57,136 | INFO | capstone.gold | Gold stage starting
2026-03-01 04:57:57,139 | INFO | capstone.gold | Project Root Path Loaded: /workspace
2026-03-01 04:57:57,141 | INFO | capstone.gold | Project Logging Path Loaded: /workspace/logs
2026-03-01 04:57:57,144 | INFO | capstone.gold | Project Artifacts Path Loaded: /workspace/artifacts
2026-03-01 04:57:57,147 | INFO | capstone.gold | Project Notebooks Path Loaded /workspace/notebooks
2026-03-01 04:57:57,150 | INFO | capstone.gold | Project Data Path Loaded: /workspace/data
2026-03-01 04:57:57,152 | INFO | capstone.gold | Data Bronze Path Loaded: /workspace/data/bronze
2026-03-01 04:57:57,154 | INFO | capstone.gold | Data Bronze Training Path Loaded: /workspace/data/bronze/train
2026-03-01 04:57:57,156 | INFO | capstone.gold | Data Bronze Testing Path Loaded: /workspace/data/bronze/test
2026-03-01 04:57:57,158 | INFO | capstone.gold | Data Silver Path Loaded: /workspace/data/silver
2026-03-01 04:57:57,161 | INFO | capstone.gold | Data Silver Training Path Loaded: /workspace/data/silver/train
2026-03-01 04:57:57,165 | INFO | capstone.gold | Data Silver Testing Path Loaded: /workspace/data/silver/test
2026-03-01 04:57:57,167 | INFO | capstone.gold | Data Gold Path Loaded: /workspace/data/gold
2026-03-01 04:58:04,412 | INFO | capstone.gold | W&B initialized: gold__001
2026-03-01 04:58:04,436 | INFO | capstone.gold | LEDGER | {'ts_utc': '2026-03-01T04:58:04.436926+00:00', 'stage': 'gold', 'recipe': 'gold_preprocessing__v001_cascade', 'kind': 'step', 'step': 'init', 'message': 'Initialized ledger', 'why': None, 'consequence': None, 'data': {}}
2026-03-01 04:58:04,505 | INFO | capstone.gold | Loading Silver parquet: /workspace/data/silver/train/pump__silver__train.parquet
2026-03-01 04:58:04,511 | INFO | capstone.file_io | Loading Parquet: /workspace/data/silver/train/pump__silver__train.parquet
2026-03-01 04:58:05,433 | INFO | capstone.gold | Loading feature registry: /workspace/artifacts/silver/pump__silver__feature_registry.json
2026-03-01 04:59:52,320 | INFO | capstone.gold | Gold stage starting
2026-03-01 04:59:52,323 | INFO | capstone.gold | Project Root Path Loaded: /workspace
2026-03-01 04:59:52,324 | INFO | capstone.gold | Project Logging Path Loaded: /workspace/logs
2026-03-01 04:59:52,326 | INFO | capstone.gold | Project Artifacts Path Loaded: /workspace/artifacts
2026-03-01 04:59:52,329 | INFO | capstone.gold | Project Notebooks Path Loaded /workspace/notebooks
2026-03-01 04:59:52,331 | INFO | capstone.gold | Project Data Path Loaded: /workspace/data
2026-03-01 04:59:52,333 | INFO | capstone.gold | Data Bronze Path Loaded: /workspace/data/bronze
2026-03-01 04:59:52,335 | INFO | capstone.gold | Data Bronze Training Path Loaded: /workspace/data/bronze/train
2026-03-01 04:59:52,338 | INFO | capstone.gold | Data Bronze Testing Path Loaded: /workspace/data/bronze/test
2026-03-01 04:59:52,340 | INFO | capstone.gold | Data Silver Path Loaded: /workspace/data/silver
2026-03-01 04:59:52,343 | INFO | capstone.gold | Data Silver Training Path Loaded: /workspace/data/silver/train
2026-03-01 04:59:52,345 | INFO | capstone.gold | Data Silver Testing Path Loaded: /workspace/data/silver/test
2026-03-01 04:59:52,347 | INFO | capstone.gold | Data Gold Path Loaded: /workspace/data/gold
2026-03-01 04:59:55,381 | INFO | capstone.gold | W&B initialized: gold__001
2026-03-01 04:59:55,899 | INFO | capstone.gold | LEDGER | {'ts_utc': '2026-03-01T04:59:55.899954+00:00', 'stage': 'gold', 'recipe': 'gold_preprocessing__v001_cascade', 'kind': 'step', 'step': 'init', 'message': 'Initialized ledger', 'why': None, 'consequence': None, 'data': {}}
2026-03-01 04:59:56,439 | INFO | capstone.gold | Loading Silver parquet: /workspace/data/silver/train/pump__silver__train.parquet
2026-03-01 04:59:56,442 | INFO | capstone.file_io | Loading Parquet: /workspace/data/silver/train/pump__silver__train.parquet
2026-03-01 04:59:57,191 | INFO | capstone.gold | Loading feature registry: /workspace/artifacts/silver/pump__silver__feature_registry.json
2026-03-01 05:00:18,052 | INFO | capstone.gold | Gold stage starting
2026-03-01 05:00:18,055 | INFO | capstone.gold | Project Root Path Loaded: /workspace
2026-03-01 05:00:18,059 | INFO | capstone.gold | Project Logging Path Loaded: /workspace/logs
2026-03-01 05:00:18,063 | INFO | capstone.gold | Project Artifacts Path Loaded: /workspace/artifacts
2026-03-01 05:00:18,066 | INFO | capstone.gold | Project Notebooks Path Loaded /workspace/notebooks
2026-03-01 05:00:18,070 | INFO | capstone.gold | Project Data Path Loaded: /workspace/data
2026-03-01 05:00:18,073 | INFO | capstone.gold | Data Bronze Path Loaded: /workspace/data/bronze
2026-03-01 05:00:18,079 | INFO | capstone.gold | Data Bronze Training Path Loaded: /workspace/data/bronze/train
2026-03-01 05:00:18,083 | INFO | capstone.gold | Data Bronze Testing Path Loaded: /workspace/data/bronze/test
2026-03-01 05:00:18,086 | INFO | capstone.gold | Data Silver Path Loaded: /workspace/data/silver
2026-03-01 05:00:18,089 | INFO | capstone.gold | Data Silver Training Path Loaded: /workspace/data/silver/train
2026-03-01 05:00:18,093 | INFO | capstone.gold | Data Silver Testing Path Loaded: /workspace/data/silver/test
2026-03-01 05:00:18,098 | INFO | capstone.gold | Data Gold Path Loaded: /workspace/data/gold
2026-03-01 05:00:23,942 | INFO | capstone.gold | W&B initialized: gold__001
2026-03-01 05:00:23,971 | INFO | capstone.gold | LEDGER | {'ts_utc': '2026-03-01T05:00:23.971782+00:00', 'stage': 'gold', 'recipe': 'gold_preprocessing__v001_cascade', 'kind': 'step', 'step': 'init', 'message': 'Initialized ledger', 'why': None, 'consequence': None, 'data': {}}
2026-03-01 05:00:24,019 | INFO | capstone.gold | Loading Silver parquet: /workspace/data/silver/train/pump__silver__train.parquet
2026-03-01 05:00:24,022 | INFO | capstone.file_io | Loading Parquet: /workspace/data/silver/train/pump__silver__train.parquet
2026-03-01 05:00:24,880 | INFO | capstone.gold | Loading feature registry: /workspace/artifacts/silver/pump/pump__silver__feature_registry.json
2026-03-01 05:00:24,890 | INFO | capstone.file_io | Loading JSON: /workspace/artifacts/silver/pump/pump__silver__feature_registry.json
2026-03-01 05:00:24,900 | INFO | capstone.gold | Loading imputation recommendation: /workspace/artifacts/silver_eda/pump/imputation__recommendation.json
2026-03-01 05:00:24,909 | INFO | capstone.file_io | Loading JSON: /workspace/artifacts/silver_eda/pump/imputation__recommendation.json
2026-03-01 05:00:24,920 | INFO | capstone.gold | Silver shape=(220320, 85)
2026-03-01 05:00:24,923 | INFO | capstone.gold | Feature count=50
2026-03-01 05:00:24,925 | INFO | capstone.gold | Recommended imputation=forward_fill_within_group_then_median
2026-03-01 05:00:24,928 | INFO | capstone.gold | LEDGER | {'ts_utc': '2026-03-01T05:00:24.928388+00:00', 'stage': 'gold', 'recipe': 'gold_preprocessing__v001_cascade', 'kind': 'step', 'step': 'load_inputs', 'message': 'Loaded Silver parquet, feature registry, and imputation recommendation.', 'why': None, 'consequence': None, 'data': {'silver_path': '/workspace/data/silver/train/pump__silver__train.parquet', 'feature_registry_path': '/workspace/artifacts/silver/pump/pump__silver__feature_registry.json', 'impute_recommendation_path': '/workspace/artifacts/silver_eda/pump/imputation__recommendation.json', 'feature_count': 50, 'feature_set_id': 'feature_set__bea5fdd737ae53fcd80ca84cafcd0c40', 'recommended_imputation': 'forward_fill_within_group_then_median', 'shape': {'rows': 220320, 'cols': 85}}}
2026-03-01 05:00:25,101 | INFO | capstone.gold | LEDGER | {'ts_utc': '2026-03-01T05:00:25.101884+00:00', 'stage': 'gold', 'recipe': 'gold_preprocessing__v001_cascade', 'kind': 'step', 'step': 'build_time_ordered_split', 'message': 'Created time-ordered train/test split for Gold modeling.', 'why': None, 'consequence': None, 'data': {'train_fraction': 0.7, 'train_rows': 154224, 'test_rows': 66096, 'ordering_column': 'time_index'}}
2026-03-01 05:00:28,382 | INFO | capstone.gold | LEDGER | {'ts_utc': '2026-03-01T05:00:28.382755+00:00', 'stage': 'gold', 'recipe': 'gold_preprocessing__v001_cascade', 'kind': 'step', 'step': 'build_gold_model_ready_dataframe', 'message': 'Built Gold model-ready dataframe using Silver feature registry and Silver EDA imputation recommendation.', 'why': None, 'consequence': None, 'data': {'numeric_feature_count': 50, 'feature_set_id': 'feature_set__bea5fdd737ae53fcd80ca84cafcd0c40', 'imputation': 'forward_fill_within_group_then_median', 'scaler': 'none'}}
2026-03-01 05:00:29,473 | INFO | capstone.file_io | Saved JSON: /workspace/artifacts/gold/pump/pump__gold__stage1_features.json
2026-03-01 05:00:29,494 | INFO | capstone.file_io | Saved JSON: /workspace/artifacts/gold/pump/pump__gold__stage2_features.json
2026-03-01 05:00:29,511 | INFO | capstone.file_io | Saved JSON: /workspace/artifacts/gold/pump/pump__gold__stage3_primary_rule_sensors.json
2026-03-01 05:00:29,526 | INFO | capstone.file_io | Saved JSON: /workspace/artifacts/gold/pump/pump__gold__stage3_secondary_rule_sensors.json
2026-03-01 05:00:29,671 | INFO | capstone.gold | LEDGER | {'ts_utc': '2026-03-01T05:00:29.671788+00:00', 'stage': 'gold', 'recipe': 'gold_preprocessing__v001_cascade', 'kind': 'step', 'step': 'build_stage_feature_sets', 'message': 'Built feature sets for baseline, Stage 1, Stage 2, and Stage 3.', 'why': None, 'consequence': None, 'data': {'stage1_feature_count': 50, 'stage2_feature_count': 12, 'stage3_primary_rule_count': 5, 'stage3_secondary_rule_count': 7}}
2026-03-01 05:00:29,702 | INFO | capstone.file_io | Saving DataFrame to Parquet: /workspace/data/gold/pump__gold__preprocessed.parquet
2026-03-01 05:00:34,475 | INFO | capstone.file_io | Saved: pump__gold__preprocessed.parquet | shape=(220320, 87) | columns=['meta__asset_id', 'meta__cleaning_recipe_id', 'meta__dataset', 'meta__dataset_name', 'meta__dataset_source', 'meta__event_id', 'meta__event_time_parse_success_percent', 'meta__event_time_source', 'meta__feature_count', 'meta__feature_set_id', 'meta__has_label_candidates', 'meta__has_status_candidates', 'meta__ingested_at_utc', 'meta__label_source', 'meta__label_source_column', 'meta__label_source_kind', 'meta__label_type', 'meta__layer', 'meta__processed_at_utc', 'meta__record_id', 'meta__run_id', 'meta__silver_version', 'meta__source_file', 'meta__source_row_id', 'meta__split', 'event_time', 'event_step', 'time_index', 'event_date', 'anomaly_flag', 'is_anomaly', 'is_normal', 'status_normal_value', 'sensor_00', 'sensor_01', 'sensor_02', 'sensor_03', 'sensor_04', 'sensor_05', 'sensor_06', 'sensor_07', 'sensor_08', 'sensor_09', 'sensor_10', 'sensor_11', 'sensor_12', 'sensor_13', 'sensor_14', 'sensor_16', 'sensor_17', 'sensor_18', 'sensor_19', 'sensor_20', 'sensor_21', 'sensor_22', 'sensor_23', 'sensor_24', 'sensor_25', 'sensor_26', 'sensor_27', 'sensor_28', 'sensor_29', 'sensor_30', 'sensor_31', 'sensor_32', 'sensor_33', 'sensor_34', 'sensor_35', 'sensor_36', 'sensor_37', 'sensor_38', 'sensor_39', 'sensor_40', 'sensor_41', 'sensor_42', 'sensor_43', 'sensor_44', 'sensor_45', 'sensor_46', 'sensor_47', 'sensor_48', 'sensor_49', 'sensor_51', 'timestamp', 'machine_status', 'meta__gold_imputation', 'meta__gold_scaler']
2026-03-01 05:00:34,505 | INFO | capstone.gold | LEDGER | {'ts_utc': '2026-03-01T05:00:34.505480+00:00', 'stage': 'gold', 'recipe': 'gold_preprocessing__v001_cascade', 'kind': 'step', 'step': 'save_gold_dataframe', 'message': 'Saved Gold model-ready dataframe.', 'why': None, 'consequence': None, 'data': {'gold_path': '/workspace/data/gold/pump__gold__preprocessed.parquet', 'shape': [220320, 87]}}
2026-03-01 05:00:34,586 | INFO | capstone.file_io | Saved JSON: /workspace/artifacts/gold/pump/pump__gold__preprocessing_summary.json
2026-03-01 05:00:34,606 | INFO | capstone.file_io | Saved JSON: /workspace/artifacts/gold/pump/pump__gold__preprocessing_metadata.json
2026-03-01 05:00:34,746 | INFO | capstone.gold | LEDGER | {'ts_utc': '2026-03-01T05:00:34.745992+00:00', 'stage': 'gold', 'recipe': 'gold_preprocessing__v001_cascade', 'kind': 'step', 'step': 'save_preprocessing_outputs', 'message': 'Saved Gold preprocessing outputs, metadata, and reference profile artifacts.', 'why': None, 'consequence': None, 'data': {'preprocessing_summary_path': '/workspace/artifacts/gold/pump/pump__gold__preprocessing_summary.json', 'preprocessing_metadata_path': '/workspace/artifacts/gold/pump/pump__gold__preprocessing_metadata.json', 'reference_profile_path': '/workspace/artifacts/gold/pump/pump__gold__reference_profile.csv', 'preprocessor_scaler_path': None}}
2026-03-01 05:00:34,748 | INFO | capstone.gold | LEDGER | {'ts_utc': '2026-03-01T05:00:34.748352+00:00', 'stage': 'gold', 'recipe': 'gold_preprocessing__v001_cascade', 'kind': 'step', 'step': 'finalize_preprocessing', 'message': 'Gold preprocessing notebook complete.', 'why': None, 'consequence': None, 'data': {'gold_path': '/workspace/data/gold/pump__gold__preprocessed.parquet', 'stage1_features_path': '/workspace/artifacts/gold/pump/pump__gold__stage1_features.json', 'stage2_features_path': '/workspace/artifacts/gold/pump/pump__gold__stage2_features.json', 'stage3_primary_path': '/workspace/artifacts/gold/pump/pump__gold__stage3_primary_rule_sensors.json', 'stage3_secondary_path': '/workspace/artifacts/gold/pump/pump__gold__stage3_secondary_rule_sensors.json', 'gold_shape': [220320, 87], 'feature_count': 50, 'stage1_feature_count': 50, 'stage2_feature_count': 12, 'stage3_primary_rule_count': 5, 'stage3_secondary_rule_count': 7}}
2026-03-02 01:17:08,144 | INFO | capstone.gold | Gold stage starting
2026-03-02 01:17:08,146 | INFO | capstone.gold | Project Root Path Loaded: /workspace
2026-03-02 01:17:08,148 | INFO | capstone.gold | Project Logging Path Loaded: /workspace/logs
2026-03-02 01:17:08,150 | INFO | capstone.gold | Project Artifacts Path Loaded: /workspace/artifacts
2026-03-02 01:17:08,151 | INFO | capstone.gold | Project Notebooks Path Loaded /workspace/notebooks
2026-03-02 01:17:08,153 | INFO | capstone.gold | Project Data Path Loaded: /workspace/data
2026-03-02 01:17:08,154 | INFO | capstone.gold | Data Bronze Path Loaded: /workspace/data/bronze
2026-03-02 01:17:08,156 | INFO | capstone.gold | Data Bronze Training Path Loaded: /workspace/data/bronze/train
2026-03-02 01:17:08,158 | INFO | capstone.gold | Data Bronze Testing Path Loaded: /workspace/data/bronze/test
2026-03-02 01:17:08,161 | INFO | capstone.gold | Data Silver Path Loaded: /workspace/data/silver
2026-03-02 01:17:08,162 | INFO | capstone.gold | Data Silver Training Path Loaded: /workspace/data/silver/train
2026-03-02 01:17:08,164 | INFO | capstone.gold | Data Silver Testing Path Loaded: /workspace/data/silver/test
2026-03-02 01:17:08,165 | INFO | capstone.gold | Data Gold Path Loaded: /workspace/data/gold
2026-03-02 01:17:12,606 | INFO | capstone.gold | W&B initialized: gold__001
2026-03-02 01:17:13,444 | INFO | capstone.gold | LEDGER | {'ts_utc': '2026-03-02T01:17:13.444586+00:00', 'stage': 'gold', 'recipe': 'gold_preprocessing__v001_cascade', 'kind': 'step', 'step': 'init', 'message': 'Initialized ledger', 'why': None, 'consequence': None, 'data': {}}
2026-03-02 01:17:14,047 | INFO | capstone.gold | Loading Silver parquet: /workspace/data/silver/train/pump__silver__train.parquet
2026-03-02 01:17:14,052 | INFO | capstone.file_io | Loading Parquet: /workspace/data/silver/train/pump__silver__train.parquet
2026-03-02 01:17:15,137 | INFO | capstone.gold | Loading feature registry: /workspace/artifacts/silver/pump/pump__silver__feature_registry.json
2026-03-02 01:17:15,143 | INFO | capstone.file_io | Loading JSON: /workspace/artifacts/silver/pump/pump__silver__feature_registry.json
2026-03-02 01:17:15,161 | INFO | capstone.gold | Loading imputation recommendation: /workspace/artifacts/silver_eda/pump/imputation__recommendation.json
2026-03-02 01:17:15,168 | INFO | capstone.file_io | Loading JSON: /workspace/artifacts/silver_eda/pump/imputation__recommendation.json
2026-03-02 01:17:15,184 | INFO | capstone.gold | Silver shape=(220320, 85)
2026-03-02 01:17:15,186 | INFO | capstone.gold | Feature count=50
2026-03-02 01:17:15,188 | INFO | capstone.gold | Recommended imputation=forward_fill_within_group_then_median
2026-03-02 01:17:15,190 | INFO | capstone.gold | LEDGER | {'ts_utc': '2026-03-02T01:17:15.190766+00:00', 'stage': 'gold', 'recipe': 'gold_preprocessing__v001_cascade', 'kind': 'step', 'step': 'load_inputs', 'message': 'Loaded Silver parquet, feature registry, and imputation recommendation.', 'why': None, 'consequence': None, 'data': {'silver_path': '/workspace/data/silver/train/pump__silver__train.parquet', 'feature_registry_path': '/workspace/artifacts/silver/pump/pump__silver__feature_registry.json', 'impute_recommendation_path': '/workspace/artifacts/silver_eda/pump/imputation__recommendation.json', 'feature_count': 50, 'feature_set_id': 'feature_set__bea5fdd737ae53fcd80ca84cafcd0c40', 'recommended_imputation': 'forward_fill_within_group_then_median', 'shape': {'rows': 220320, 'cols': 85}}}
2026-03-02 01:17:16,191 | INFO | capstone.gold | LEDGER | {'ts_utc': '2026-03-02T01:17:16.191251+00:00', 'stage': 'gold', 'recipe': 'gold_preprocessing__v001_cascade', 'kind': 'step', 'step': 'build_time_ordered_split', 'message': 'Created time-ordered train/test split for Gold modeling.', 'why': None, 'consequence': None, 'data': {'train_fraction': 0.8, 'train_rows': 176256, 'test_rows': 44064, 'ordering_column': 'time_index'}}
2026-03-02 01:17:23,113 | INFO | capstone.gold | LEDGER | {'ts_utc': '2026-03-02T01:17:23.113243+00:00', 'stage': 'gold', 'recipe': 'gold_preprocessing__v001_cascade', 'kind': 'step', 'step': 'build_gold_model_ready_dataframe', 'message': 'Built Gold model-ready dataframe using Silver feature registry and Silver EDA imputation recommendation.', 'why': None, 'consequence': None, 'data': {'numeric_feature_count': 50, 'feature_set_id': 'feature_set__bea5fdd737ae53fcd80ca84cafcd0c40', 'imputation': 'forward_fill_within_group_then_median', 'scaler': 'none'}}
2026-03-02 01:17:29,143 | INFO | capstone.file_io | Saved JSON: /workspace/artifacts/gold/pump/pump__gold__stage1_features.json
2026-03-02 01:17:29,178 | INFO | capstone.file_io | Saved JSON: /workspace/artifacts/gold/pump/pump__gold__stage2_features.json
2026-03-02 01:17:29,205 | INFO | capstone.file_io | Saved JSON: /workspace/artifacts/gold/pump/pump__gold__stage3_primary_rule_sensors.json
2026-03-02 01:17:29,233 | INFO | capstone.file_io | Saved JSON: /workspace/artifacts/gold/pump/pump__gold__stage3_secondary_rule_sensors.json
2026-03-02 01:17:29,393 | INFO | capstone.gold | LEDGER | {'ts_utc': '2026-03-02T01:17:29.393328+00:00', 'stage': 'gold', 'recipe': 'gold_preprocessing__v001_cascade', 'kind': 'step', 'step': 'build_stage_feature_sets', 'message': 'Built feature sets for baseline, Stage 1, Stage 2, and Stage 3.', 'why': None, 'consequence': None, 'data': {'stage1_feature_count': 50, 'stage2_feature_count': 12, 'stage3_primary_rule_count': 5, 'stage3_secondary_rule_count': 7}}
2026-03-02 01:17:30,635 | INFO | capstone.file_io | Saving DataFrame to Parquet: /workspace/data/gold/pump__gold__train.parquet
2026-03-02 01:17:32,660 | INFO | capstone.file_io | Saved: pump__gold__train.parquet | shape=(176256, 87) | columns=['meta__asset_id', 'meta__cleaning_recipe_id', 'meta__dataset', 'meta__dataset_name', 'meta__dataset_source', 'meta__event_id', 'meta__event_time_parse_success_percent', 'meta__event_time_source', 'meta__feature_count', 'meta__feature_set_id', 'meta__has_label_candidates', 'meta__has_status_candidates', 'meta__ingested_at_utc', 'meta__label_source', 'meta__label_source_column', 'meta__label_source_kind', 'meta__label_type', 'meta__layer', 'meta__processed_at_utc', 'meta__record_id', 'meta__run_id', 'meta__silver_version', 'meta__source_file', 'meta__source_row_id', 'meta__split', 'event_time', 'event_step', 'time_index', 'event_date', 'anomaly_flag', 'is_anomaly', 'is_normal', 'status_normal_value', 'sensor_00', 'sensor_01', 'sensor_02', 'sensor_03', 'sensor_04', 'sensor_05', 'sensor_06', 'sensor_07', 'sensor_08', 'sensor_09', 'sensor_10', 'sensor_11', 'sensor_12', 'sensor_13', 'sensor_14', 'sensor_16', 'sensor_17', 'sensor_18', 'sensor_19', 'sensor_20', 'sensor_21', 'sensor_22', 'sensor_23', 'sensor_24', 'sensor_25', 'sensor_26', 'sensor_27', 'sensor_28', 'sensor_29', 'sensor_30', 'sensor_31', 'sensor_32', 'sensor_33', 'sensor_34', 'sensor_35', 'sensor_36', 'sensor_37', 'sensor_38', 'sensor_39', 'sensor_40', 'sensor_41', 'sensor_42', 'sensor_43', 'sensor_44', 'sensor_45', 'sensor_46', 'sensor_47', 'sensor_48', 'sensor_49', 'sensor_51', 'timestamp', 'machine_status', 'meta__gold_imputation', 'meta__gold_scaler']
2026-03-02 01:17:32,666 | INFO | capstone.file_io | Saving DataFrame to Parquet: /workspace/data/gold/pump__gold__test.parquet
2026-03-02 01:17:35,574 | INFO | capstone.file_io | Saved: pump__gold__test.parquet | shape=(44064, 87) | columns=['meta__asset_id', 'meta__cleaning_recipe_id', 'meta__dataset', 'meta__dataset_name', 'meta__dataset_source', 'meta__event_id', 'meta__event_time_parse_success_percent', 'meta__event_time_source', 'meta__feature_count', 'meta__feature_set_id', 'meta__has_label_candidates', 'meta__has_status_candidates', 'meta__ingested_at_utc', 'meta__label_source', 'meta__label_source_column', 'meta__label_source_kind', 'meta__label_type', 'meta__layer', 'meta__processed_at_utc', 'meta__record_id', 'meta__run_id', 'meta__silver_version', 'meta__source_file', 'meta__source_row_id', 'meta__split', 'event_time', 'event_step', 'time_index', 'event_date', 'anomaly_flag', 'is_anomaly', 'is_normal', 'status_normal_value', 'sensor_00', 'sensor_01', 'sensor_02', 'sensor_03', 'sensor_04', 'sensor_05', 'sensor_06', 'sensor_07', 'sensor_08', 'sensor_09', 'sensor_10', 'sensor_11', 'sensor_12', 'sensor_13', 'sensor_14', 'sensor_16', 'sensor_17', 'sensor_18', 'sensor_19', 'sensor_20', 'sensor_21', 'sensor_22', 'sensor_23', 'sensor_24', 'sensor_25', 'sensor_26', 'sensor_27', 'sensor_28', 'sensor_29', 'sensor_30', 'sensor_31', 'sensor_32', 'sensor_33', 'sensor_34', 'sensor_35', 'sensor_36', 'sensor_37', 'sensor_38', 'sensor_39', 'sensor_40', 'sensor_41', 'sensor_42', 'sensor_43', 'sensor_44', 'sensor_45', 'sensor_46', 'sensor_47', 'sensor_48', 'sensor_49', 'sensor_51', 'timestamp', 'machine_status', 'meta__gold_imputation', 'meta__gold_scaler']
2026-03-02 01:17:35,581 | INFO | capstone.file_io | Saving DataFrame to Parquet: /workspace/data/gold/pump__gold__fit_normal_only.parquet
2026-03-02 01:17:37,620 | INFO | capstone.file_io | Saved: pump__gold__fit_normal_only.parquet | shape=(161772, 87) | columns=['meta__asset_id', 'meta__cleaning_recipe_id', 'meta__dataset', 'meta__dataset_name', 'meta__dataset_source', 'meta__event_id', 'meta__event_time_parse_success_percent', 'meta__event_time_source', 'meta__feature_count', 'meta__feature_set_id', 'meta__has_label_candidates', 'meta__has_status_candidates', 'meta__ingested_at_utc', 'meta__label_source', 'meta__label_source_column', 'meta__label_source_kind', 'meta__label_type', 'meta__layer', 'meta__processed_at_utc', 'meta__record_id', 'meta__run_id', 'meta__silver_version', 'meta__source_file', 'meta__source_row_id', 'meta__split', 'event_time', 'event_step', 'time_index', 'event_date', 'anomaly_flag', 'is_anomaly', 'is_normal', 'status_normal_value', 'sensor_00', 'sensor_01', 'sensor_02', 'sensor_03', 'sensor_04', 'sensor_05', 'sensor_06', 'sensor_07', 'sensor_08', 'sensor_09', 'sensor_10', 'sensor_11', 'sensor_12', 'sensor_13', 'sensor_14', 'sensor_16', 'sensor_17', 'sensor_18', 'sensor_19', 'sensor_20', 'sensor_21', 'sensor_22', 'sensor_23', 'sensor_24', 'sensor_25', 'sensor_26', 'sensor_27', 'sensor_28', 'sensor_29', 'sensor_30', 'sensor_31', 'sensor_32', 'sensor_33', 'sensor_34', 'sensor_35', 'sensor_36', 'sensor_37', 'sensor_38', 'sensor_39', 'sensor_40', 'sensor_41', 'sensor_42', 'sensor_43', 'sensor_44', 'sensor_45', 'sensor_46', 'sensor_47', 'sensor_48', 'sensor_49', 'sensor_51', 'timestamp', 'machine_status', 'meta__gold_imputation', 'meta__gold_scaler']
2026-03-02 01:17:37,711 | INFO | capstone.gold | LEDGER | {'ts_utc': '2026-03-02T01:17:37.711709+00:00', 'stage': 'gold', 'recipe': 'gold_preprocessing__v001_cascade', 'kind': 'step', 'step': 'save_gold_split_artifacts', 'message': 'Saved Gold train, test, and normal-only fit parquet artifacts.', 'why': None, 'consequence': None, 'data': {'train_rows': 176256, 'test_rows': 44064, 'fit_rows_normal_only': 161772, 'train_path': '/workspace/data/gold/pump__gold__train.parquet', 'test_path': '/workspace/data/gold/pump__gold__test.parquet', 'fit_path': '/workspace/data/gold/pump__gold__fit_normal_only.parquet'}}
2026-03-02 01:19:15,355 | INFO | capstone.file_io | Saved JSON: /workspace/artifacts/gold/pump/pump__gold__preprocessing_summary.json
2026-03-02 01:19:15,385 | INFO | capstone.file_io | Saved JSON: /workspace/artifacts/gold/pump/pump__gold__preprocessing_metadata.json
2026-03-02 01:19:15,597 | INFO | capstone.gold | LEDGER | {'ts_utc': '2026-03-02T01:19:15.597195+00:00', 'stage': 'gold', 'recipe': 'gold_preprocessing__v001_cascade', 'kind': 'step', 'step': 'save_preprocessing_outputs', 'message': 'Saved Gold preprocessing outputs, metadata, and reference profile artifacts.', 'why': None, 'consequence': None, 'data': {'preprocessing_summary_path': '/workspace/artifacts/gold/pump/pump__gold__preprocessing_summary.json', 'preprocessing_metadata_path': '/workspace/artifacts/gold/pump/pump__gold__preprocessing_metadata.json', 'reference_profile_path': '/workspace/artifacts/gold/pump/pump__gold__reference_profile.csv', 'preprocessor_scaler_path': None}}
2026-03-02 01:19:15,599 | INFO | capstone.gold | LEDGER | {'ts_utc': '2026-03-02T01:19:15.599149+00:00', 'stage': 'gold', 'recipe': 'gold_preprocessing__v001_cascade', 'kind': 'step', 'step': 'finalize_preprocessing', 'message': 'Gold preprocessing notebook complete.', 'why': None, 'consequence': None, 'data': {'gold_path': '/workspace/data/gold/pump__gold__preprocessed.parquet', 'stage1_features_path': '/workspace/artifacts/gold/pump/pump__gold__stage1_features.json', 'stage2_features_path': '/workspace/artifacts/gold/pump/pump__gold__stage2_features.json', 'stage3_primary_path': '/workspace/artifacts/gold/pump/pump__gold__stage3_primary_rule_sensors.json', 'stage3_secondary_path': '/workspace/artifacts/gold/pump/pump__gold__stage3_secondary_rule_sensors.json', 'gold_shape': [220320, 87], 'feature_count': 50, 'stage1_feature_count': 50, 'stage2_feature_count': 12, 'stage3_primary_rule_count': 5, 'stage3_secondary_rule_count': 7}}
2026-03-02 01:54:19,304 | INFO | capstone.gold | Gold stage starting
2026-03-02 01:54:19,307 | INFO | capstone.gold | Project Root Path Loaded: /workspace
2026-03-02 01:54:19,308 | INFO | capstone.gold | Project Logging Path Loaded: /workspace/logs
2026-03-02 01:54:19,311 | INFO | capstone.gold | Project Artifacts Path Loaded: /workspace/artifacts
2026-03-02 01:54:19,315 | INFO | capstone.gold | Project Notebooks Path Loaded /workspace/notebooks
2026-03-02 01:54:19,317 | INFO | capstone.gold | Project Data Path Loaded: /workspace/data
2026-03-02 01:54:19,319 | INFO | capstone.gold | Data Bronze Path Loaded: /workspace/data/bronze
2026-03-02 01:54:19,320 | INFO | capstone.gold | Data Bronze Training Path Loaded: /workspace/data/bronze/train
2026-03-02 01:54:19,323 | INFO | capstone.gold | Data Bronze Testing Path Loaded: /workspace/data/bronze/test
2026-03-02 01:54:19,325 | INFO | capstone.gold | Data Silver Path Loaded: /workspace/data/silver
2026-03-02 01:54:19,326 | INFO | capstone.gold | Data Silver Training Path Loaded: /workspace/data/silver/train
2026-03-02 01:54:19,329 | INFO | capstone.gold | Data Silver Testing Path Loaded: /workspace/data/silver/test
2026-03-02 01:54:19,331 | INFO | capstone.gold | Data Gold Path Loaded: /workspace/data/gold
2026-03-02 01:54:20,849 | INFO | capstone.gold | W&B initialized: gold__001
2026-03-02 01:54:21,471 | INFO | capstone.gold | LEDGER | {'ts_utc': '2026-03-02T01:54:21.471219+00:00', 'stage': 'gold', 'recipe': 'gold_preprocessing__v001_cascade', 'kind': 'step', 'step': 'init', 'message': 'Initialized ledger', 'why': None, 'consequence': None, 'data': {}}
2026-03-02 01:54:22,246 | INFO | capstone.gold | Loading Silver parquet: /workspace/data/silver/train/pump__silver__train.parquet
2026-03-02 01:54:22,262 | INFO | capstone.file_io | Loading Parquet: /workspace/data/silver/train/pump__silver__train.parquet
2026-03-02 01:54:23,297 | INFO | capstone.gold | Loading feature registry: /workspace/artifacts/silver/pump/pump__silver__feature_registry.json
2026-03-02 01:54:23,303 | INFO | capstone.file_io | Loading JSON: /workspace/artifacts/silver/pump/pump__silver__feature_registry.json
2026-03-02 01:54:23,311 | INFO | capstone.gold | Loading imputation recommendation: /workspace/artifacts/silver_eda/pump/imputation__recommendation.json
2026-03-02 01:54:23,320 | INFO | capstone.file_io | Loading JSON: /workspace/artifacts/silver_eda/pump/imputation__recommendation.json
2026-03-02 01:54:23,328 | INFO | capstone.gold | Silver shape=(220320, 85)
2026-03-02 01:54:23,331 | INFO | capstone.gold | Feature count=50
2026-03-02 01:54:23,333 | INFO | capstone.gold | Recommended imputation=forward_fill_within_group_then_median
2026-03-02 01:54:23,335 | INFO | capstone.gold | LEDGER | {'ts_utc': '2026-03-02T01:54:23.335804+00:00', 'stage': 'gold', 'recipe': 'gold_preprocessing__v001_cascade', 'kind': 'step', 'step': 'load_inputs', 'message': 'Loaded Silver parquet, feature registry, and imputation recommendation.', 'why': None, 'consequence': None, 'data': {'silver_path': '/workspace/data/silver/train/pump__silver__train.parquet', 'feature_registry_path': '/workspace/artifacts/silver/pump/pump__silver__feature_registry.json', 'impute_recommendation_path': '/workspace/artifacts/silver_eda/pump/imputation__recommendation.json', 'feature_count': 50, 'feature_set_id': 'feature_set__bea5fdd737ae53fcd80ca84cafcd0c40', 'recommended_imputation': 'forward_fill_within_group_then_median', 'shape': {'rows': 220320, 'cols': 85}}}
2026-03-02 01:54:24,547 | INFO | capstone.gold | LEDGER | {'ts_utc': '2026-03-02T01:54:24.547884+00:00', 'stage': 'gold', 'recipe': 'gold_preprocessing__v001_cascade', 'kind': 'step', 'step': 'build_time_ordered_split', 'message': 'Created time-ordered train/test split for Gold modeling.', 'why': None, 'consequence': None, 'data': {'train_fraction': 0.8, 'train_rows': 176256, 'test_rows': 44064, 'ordering_column': 'time_index'}}
2026-03-02 01:54:32,008 | INFO | capstone.gold | LEDGER | {'ts_utc': '2026-03-02T01:54:32.008612+00:00', 'stage': 'gold', 'recipe': 'gold_preprocessing__v001_cascade', 'kind': 'step', 'step': 'build_gold_model_ready_dataframe', 'message': 'Built Gold model-ready dataframe using Silver feature registry and Silver EDA imputation recommendation.', 'why': None, 'consequence': None, 'data': {'numeric_feature_count': 50, 'feature_set_id': 'feature_set__bea5fdd737ae53fcd80ca84cafcd0c40', 'imputation': 'forward_fill_within_group_then_median', 'scaler': 'none'}}
2026-03-02 01:54:32,768 | INFO | capstone.file_io | Saving DataFrame to Parquet: /workspace/data/gold/pump__gold__preprocessed.parquet
2026-03-02 01:54:35,037 | INFO | capstone.file_io | Saved: pump__gold__preprocessed.parquet | shape=(220320, 87) | columns=['meta__asset_id', 'meta__cleaning_recipe_id', 'meta__dataset', 'meta__dataset_name', 'meta__dataset_source', 'meta__event_id', 'meta__event_time_parse_success_percent', 'meta__event_time_source', 'meta__feature_count', 'meta__feature_set_id', 'meta__has_label_candidates', 'meta__has_status_candidates', 'meta__ingested_at_utc', 'meta__label_source', 'meta__label_source_column', 'meta__label_source_kind', 'meta__label_type', 'meta__layer', 'meta__processed_at_utc', 'meta__record_id', 'meta__run_id', 'meta__silver_version', 'meta__source_file', 'meta__source_row_id', 'meta__split', 'event_time', 'event_step', 'time_index', 'event_date', 'anomaly_flag', 'is_anomaly', 'is_normal', 'status_normal_value', 'sensor_00', 'sensor_01', 'sensor_02', 'sensor_03', 'sensor_04', 'sensor_05', 'sensor_06', 'sensor_07', 'sensor_08', 'sensor_09', 'sensor_10', 'sensor_11', 'sensor_12', 'sensor_13', 'sensor_14', 'sensor_16', 'sensor_17', 'sensor_18', 'sensor_19', 'sensor_20', 'sensor_21', 'sensor_22', 'sensor_23', 'sensor_24', 'sensor_25', 'sensor_26', 'sensor_27', 'sensor_28', 'sensor_29', 'sensor_30', 'sensor_31', 'sensor_32', 'sensor_33', 'sensor_34', 'sensor_35', 'sensor_36', 'sensor_37', 'sensor_38', 'sensor_39', 'sensor_40', 'sensor_41', 'sensor_42', 'sensor_43', 'sensor_44', 'sensor_45', 'sensor_46', 'sensor_47', 'sensor_48', 'sensor_49', 'sensor_51', 'timestamp', 'machine_status', 'meta__gold_imputation', 'meta__gold_scaler']
2026-03-02 01:54:35,063 | INFO | capstone.gold | LEDGER | {'ts_utc': '2026-03-02T01:54:35.063904+00:00', 'stage': 'gold', 'recipe': 'gold_preprocessing__v001_cascade', 'kind': 'step', 'step': 'save_gold_preprocessed', 'message': 'Saved full Gold preprocessed dataset.', 'why': None, 'consequence': None, 'data': {'gold_preprocessed_path': '/workspace/data/gold/pump__gold__preprocessed.parquet', 'gold_shape': [220320, 87]}}
2026-03-02 01:54:41,287 | INFO | capstone.file_io | Saved JSON: /workspace/artifacts/gold/pump/pump__gold__stage1_features.json
2026-03-02 01:54:41,310 | INFO | capstone.file_io | Saved JSON: /workspace/artifacts/gold/pump/pump__gold__stage2_features.json
2026-03-02 01:54:41,333 | INFO | capstone.file_io | Saved JSON: /workspace/artifacts/gold/pump/pump__gold__stage3_primary_rule_sensors.json
2026-03-02 01:54:41,352 | INFO | capstone.file_io | Saved JSON: /workspace/artifacts/gold/pump/pump__gold__stage3_secondary_rule_sensors.json
2026-03-02 01:54:41,544 | INFO | capstone.gold | LEDGER | {'ts_utc': '2026-03-02T01:54:41.544552+00:00', 'stage': 'gold', 'recipe': 'gold_preprocessing__v001_cascade', 'kind': 'step', 'step': 'build_stage_feature_sets', 'message': 'Built feature sets for baseline, Stage 1, Stage 2, and Stage 3.', 'why': None, 'consequence': None, 'data': {'stage1_feature_count': 50, 'stage2_feature_count': 12, 'stage3_primary_rule_count': 5, 'stage3_secondary_rule_count': 7}}
2026-03-02 01:54:42,543 | INFO | capstone.file_io | Saving DataFrame to Parquet: /workspace/data/gold/pump__gold__train.parquet
2026-03-02 01:54:44,568 | INFO | capstone.file_io | Saved: pump__gold__train.parquet | shape=(176256, 87) | columns=['meta__asset_id', 'meta__cleaning_recipe_id', 'meta__dataset', 'meta__dataset_name', 'meta__dataset_source', 'meta__event_id', 'meta__event_time_parse_success_percent', 'meta__event_time_source', 'meta__feature_count', 'meta__feature_set_id', 'meta__has_label_candidates', 'meta__has_status_candidates', 'meta__ingested_at_utc', 'meta__label_source', 'meta__label_source_column', 'meta__label_source_kind', 'meta__label_type', 'meta__layer', 'meta__processed_at_utc', 'meta__record_id', 'meta__run_id', 'meta__silver_version', 'meta__source_file', 'meta__source_row_id', 'meta__split', 'event_time', 'event_step', 'time_index', 'event_date', 'anomaly_flag', 'is_anomaly', 'is_normal', 'status_normal_value', 'sensor_00', 'sensor_01', 'sensor_02', 'sensor_03', 'sensor_04', 'sensor_05', 'sensor_06', 'sensor_07', 'sensor_08', 'sensor_09', 'sensor_10', 'sensor_11', 'sensor_12', 'sensor_13', 'sensor_14', 'sensor_16', 'sensor_17', 'sensor_18', 'sensor_19', 'sensor_20', 'sensor_21', 'sensor_22', 'sensor_23', 'sensor_24', 'sensor_25', 'sensor_26', 'sensor_27', 'sensor_28', 'sensor_29', 'sensor_30', 'sensor_31', 'sensor_32', 'sensor_33', 'sensor_34', 'sensor_35', 'sensor_36', 'sensor_37', 'sensor_38', 'sensor_39', 'sensor_40', 'sensor_41', 'sensor_42', 'sensor_43', 'sensor_44', 'sensor_45', 'sensor_46', 'sensor_47', 'sensor_48', 'sensor_49', 'sensor_51', 'timestamp', 'machine_status', 'meta__gold_imputation', 'meta__gold_scaler']
2026-03-02 01:54:44,573 | INFO | capstone.file_io | Saving DataFrame to Parquet: /workspace/data/gold/pump__gold__test.parquet
2026-03-02 01:54:45,316 | INFO | capstone.file_io | Saved: pump__gold__test.parquet | shape=(44064, 87) | columns=['meta__asset_id', 'meta__cleaning_recipe_id', 'meta__dataset', 'meta__dataset_name', 'meta__dataset_source', 'meta__event_id', 'meta__event_time_parse_success_percent', 'meta__event_time_source', 'meta__feature_count', 'meta__feature_set_id', 'meta__has_label_candidates', 'meta__has_status_candidates', 'meta__ingested_at_utc', 'meta__label_source', 'meta__label_source_column', 'meta__label_source_kind', 'meta__label_type', 'meta__layer', 'meta__processed_at_utc', 'meta__record_id', 'meta__run_id', 'meta__silver_version', 'meta__source_file', 'meta__source_row_id', 'meta__split', 'event_time', 'event_step', 'time_index', 'event_date', 'anomaly_flag', 'is_anomaly', 'is_normal', 'status_normal_value', 'sensor_00', 'sensor_01', 'sensor_02', 'sensor_03', 'sensor_04', 'sensor_05', 'sensor_06', 'sensor_07', 'sensor_08', 'sensor_09', 'sensor_10', 'sensor_11', 'sensor_12', 'sensor_13', 'sensor_14', 'sensor_16', 'sensor_17', 'sensor_18', 'sensor_19', 'sensor_20', 'sensor_21', 'sensor_22', 'sensor_23', 'sensor_24', 'sensor_25', 'sensor_26', 'sensor_27', 'sensor_28', 'sensor_29', 'sensor_30', 'sensor_31', 'sensor_32', 'sensor_33', 'sensor_34', 'sensor_35', 'sensor_36', 'sensor_37', 'sensor_38', 'sensor_39', 'sensor_40', 'sensor_41', 'sensor_42', 'sensor_43', 'sensor_44', 'sensor_45', 'sensor_46', 'sensor_47', 'sensor_48', 'sensor_49', 'sensor_51', 'timestamp', 'machine_status', 'meta__gold_imputation', 'meta__gold_scaler']
2026-03-02 01:54:45,324 | INFO | capstone.file_io | Saving DataFrame to Parquet: /workspace/data/gold/pump__gold__fit_normal_only.parquet
2026-03-02 01:54:47,205 | INFO | capstone.file_io | Saved: pump__gold__fit_normal_only.parquet | shape=(161772, 87) | columns=['meta__asset_id', 'meta__cleaning_recipe_id', 'meta__dataset', 'meta__dataset_name', 'meta__dataset_source', 'meta__event_id', 'meta__event_time_parse_success_percent', 'meta__event_time_source', 'meta__feature_count', 'meta__feature_set_id', 'meta__has_label_candidates', 'meta__has_status_candidates', 'meta__ingested_at_utc', 'meta__label_source', 'meta__label_source_column', 'meta__label_source_kind', 'meta__label_type', 'meta__layer', 'meta__processed_at_utc', 'meta__record_id', 'meta__run_id', 'meta__silver_version', 'meta__source_file', 'meta__source_row_id', 'meta__split', 'event_time', 'event_step', 'time_index', 'event_date', 'anomaly_flag', 'is_anomaly', 'is_normal', 'status_normal_value', 'sensor_00', 'sensor_01', 'sensor_02', 'sensor_03', 'sensor_04', 'sensor_05', 'sensor_06', 'sensor_07', 'sensor_08', 'sensor_09', 'sensor_10', 'sensor_11', 'sensor_12', 'sensor_13', 'sensor_14', 'sensor_16', 'sensor_17', 'sensor_18', 'sensor_19', 'sensor_20', 'sensor_21', 'sensor_22', 'sensor_23', 'sensor_24', 'sensor_25', 'sensor_26', 'sensor_27', 'sensor_28', 'sensor_29', 'sensor_30', 'sensor_31', 'sensor_32', 'sensor_33', 'sensor_34', 'sensor_35', 'sensor_36', 'sensor_37', 'sensor_38', 'sensor_39', 'sensor_40', 'sensor_41', 'sensor_42', 'sensor_43', 'sensor_44', 'sensor_45', 'sensor_46', 'sensor_47', 'sensor_48', 'sensor_49', 'sensor_51', 'timestamp', 'machine_status', 'meta__gold_imputation', 'meta__gold_scaler']
2026-03-02 01:54:47,303 | INFO | capstone.gold | LEDGER | {'ts_utc': '2026-03-02T01:54:47.303400+00:00', 'stage': 'gold', 'recipe': 'gold_preprocessing__v001_cascade', 'kind': 'step', 'step': 'save_gold_split_artifacts', 'message': 'Saved Gold train, test, and normal-only fit parquet artifacts.', 'why': None, 'consequence': None, 'data': {'train_rows': 176256, 'test_rows': 44064, 'fit_rows_normal_only': 161772, 'train_path': '/workspace/data/gold/pump__gold__train.parquet', 'test_path': '/workspace/data/gold/pump__gold__test.parquet', 'fit_path': '/workspace/data/gold/pump__gold__fit_normal_only.parquet'}}
2026-03-02 01:54:47,656 | INFO | capstone.file_io | Saved JSON: /workspace/artifacts/gold/pump/pump__gold__preprocessing_summary.json
2026-03-02 01:54:47,693 | INFO | capstone.file_io | Saved JSON: /workspace/artifacts/gold/pump/pump__gold__preprocessing_metadata.json
2026-03-02 01:54:47,924 | INFO | capstone.gold | LEDGER | {'ts_utc': '2026-03-02T01:54:47.924612+00:00', 'stage': 'gold', 'recipe': 'gold_preprocessing__v001_cascade', 'kind': 'step', 'step': 'save_preprocessing_outputs', 'message': 'Saved Gold preprocessing outputs, metadata, and reference profile artifacts.', 'why': None, 'consequence': None, 'data': {'preprocessing_summary_path': '/workspace/artifacts/gold/pump/pump__gold__preprocessing_summary.json', 'preprocessing_metadata_path': '/workspace/artifacts/gold/pump/pump__gold__preprocessing_metadata.json', 'reference_profile_path': '/workspace/artifacts/gold/pump/pump__gold__reference_profile.csv', 'preprocessor_scaler_path': None}}
2026-03-02 01:54:47,928 | INFO | capstone.gold | LEDGER | {'ts_utc': '2026-03-02T01:54:47.928894+00:00', 'stage': 'gold', 'recipe': 'gold_preprocessing__v001_cascade', 'kind': 'step', 'step': 'finalize_preprocessing', 'message': 'Gold preprocessing notebook complete.', 'why': None, 'consequence': None, 'data': {'gold_path': '/workspace/data/gold/pump__gold__preprocessed.parquet', 'stage1_features_path': '/workspace/artifacts/gold/pump/pump__gold__stage1_features.json', 'stage2_features_path': '/workspace/artifacts/gold/pump/pump__gold__stage2_features.json', 'stage3_primary_path': '/workspace/artifacts/gold/pump/pump__gold__stage3_primary_rule_sensors.json', 'stage3_secondary_path': '/workspace/artifacts/gold/pump/pump__gold__stage3_secondary_rule_sensors.json', 'gold_shape': [220320, 87], 'feature_count': 50, 'stage1_feature_count': 50, 'stage2_feature_count': 12, 'stage3_primary_rule_count': 5, 'stage3_secondary_rule_count': 7}}
2026-03-03 01:02:01,630 | INFO | capstone.gold | Gold stage starting
2026-03-03 01:02:01,637 | INFO | capstone.gold | Project Root Path Loaded: /workspace
2026-03-03 01:02:01,654 | INFO | capstone.gold | Project Logging Path Loaded: /workspace/logs
2026-03-03 01:02:01,657 | INFO | capstone.gold | Project Artifacts Path Loaded: /workspace/artifacts
2026-03-03 01:02:01,660 | INFO | capstone.gold | Project Notebooks Path Loaded /workspace/notebooks
2026-03-03 01:02:01,667 | INFO | capstone.gold | Project Data Path Loaded: /workspace/data
2026-03-03 01:02:01,670 | INFO | capstone.gold | Data Bronze Path Loaded: /workspace/data/bronze
2026-03-03 01:02:01,673 | INFO | capstone.gold | Data Bronze Training Path Loaded: /workspace/data/bronze/train
2026-03-03 01:02:01,678 | INFO | capstone.gold | Data Bronze Testing Path Loaded: /workspace/data/bronze/test
2026-03-03 01:02:01,684 | INFO | capstone.gold | Data Silver Path Loaded: /workspace/data/silver
2026-03-03 01:02:01,690 | INFO | capstone.gold | Data Silver Training Path Loaded: /workspace/data/silver/train
2026-03-03 01:02:01,696 | INFO | capstone.gold | Data Silver Testing Path Loaded: /workspace/data/silver/test
2026-03-03 01:02:01,702 | INFO | capstone.gold | Data Gold Path Loaded: /workspace/data/gold
2026-03-03 01:02:04,235 | INFO | capstone.gold | W&B initialized: gold__001
2026-03-03 01:02:05,078 | INFO | capstone.gold | LEDGER | {'ts_utc': '2026-03-03T01:02:05.078447+00:00', 'stage': 'gold', 'recipe': 'gold_preprocessing__v001_cascade', 'kind': 'step', 'step': 'init', 'message': 'Initialized ledger', 'why': None, 'consequence': None, 'data': {}}
2026-03-03 01:02:05,738 | INFO | capstone.gold | Loading Silver parquet: /workspace/data/silver/train/pump__silver__train.parquet
2026-03-03 01:02:05,743 | INFO | capstone.file_io | Loading Parquet: /workspace/data/silver/train/pump__silver__train.parquet
2026-03-03 01:02:07,609 | INFO | capstone.gold | Loading feature registry: /workspace/artifacts/silver/pump/pump__silver__feature_registry.json
2026-03-03 01:02:07,619 | INFO | capstone.file_io | Loading JSON: /workspace/artifacts/silver/pump/pump__silver__feature_registry.json
2026-03-03 01:02:07,644 | INFO | capstone.gold | Loading imputation recommendation: /workspace/artifacts/silver_eda/pump/imputation__recommendation.json
2026-03-03 01:02:07,652 | INFO | capstone.file_io | Loading JSON: /workspace/artifacts/silver_eda/pump/imputation__recommendation.json
2026-03-03 01:02:07,674 | INFO | capstone.gold | Silver shape=(220320, 85)
2026-03-03 01:02:07,678 | INFO | capstone.gold | Feature count=50
2026-03-03 01:02:07,681 | INFO | capstone.gold | Recommended imputation=forward_fill_within_group_then_median
2026-03-03 01:02:07,684 | INFO | capstone.gold | LEDGER | {'ts_utc': '2026-03-03T01:02:07.684669+00:00', 'stage': 'gold', 'recipe': 'gold_preprocessing__v001_cascade', 'kind': 'step', 'step': 'load_inputs', 'message': 'Loaded Silver parquet, feature registry, and imputation recommendation.', 'why': None, 'consequence': None, 'data': {'silver_path': '/workspace/data/silver/train/pump__silver__train.parquet', 'feature_registry_path': '/workspace/artifacts/silver/pump/pump__silver__feature_registry.json', 'impute_recommendation_path': '/workspace/artifacts/silver_eda/pump/imputation__recommendation.json', 'feature_count': 50, 'feature_set_id': 'feature_set__bea5fdd737ae53fcd80ca84cafcd0c40', 'recommended_imputation': 'forward_fill_within_group_then_median', 'shape': {'rows': 220320, 'cols': 85}}}
2026-03-03 01:02:09,234 | INFO | capstone.gold | LEDGER | {'ts_utc': '2026-03-03T01:02:09.234878+00:00', 'stage': 'gold', 'recipe': 'gold_preprocessing__v001_cascade', 'kind': 'step', 'step': 'build_time_ordered_split', 'message': 'Created time-ordered train/test split for Gold modeling.', 'why': None, 'consequence': None, 'data': {'train_fraction': 0.7, 'train_rows': 154224, 'test_rows': 66096, 'ordering_column': 'time_index'}}
2026-03-03 01:02:24,365 | INFO | capstone.gold | LEDGER | {'ts_utc': '2026-03-03T01:02:24.365591+00:00', 'stage': 'gold', 'recipe': 'gold_preprocessing__v001_cascade', 'kind': 'step', 'step': 'build_gold_model_ready_dataframe', 'message': 'Built Gold model-ready dataframe using Silver feature registry and Silver EDA imputation recommendation.', 'why': None, 'consequence': None, 'data': {'numeric_feature_count': 50, 'feature_set_id': 'feature_set__bea5fdd737ae53fcd80ca84cafcd0c40', 'imputation': 'forward_fill_within_group_then_median', 'scaler': 'none'}}
2026-03-03 01:02:25,023 | INFO | capstone.file_io | Saving DataFrame to Parquet: /workspace/data/gold/pump__gold__preprocessed.parquet
2026-03-03 01:02:27,935 | INFO | capstone.file_io | Saved: pump__gold__preprocessed.parquet | shape=(220320, 87) | columns=['meta__asset_id', 'meta__cleaning_recipe_id', 'meta__dataset', 'meta__dataset_name', 'meta__dataset_source', 'meta__event_id', 'meta__event_time_parse_success_percent', 'meta__event_time_source', 'meta__feature_count', 'meta__feature_set_id', 'meta__has_label_candidates', 'meta__has_status_candidates', 'meta__ingested_at_utc', 'meta__label_source', 'meta__label_source_column', 'meta__label_source_kind', 'meta__label_type', 'meta__layer', 'meta__processed_at_utc', 'meta__record_id', 'meta__run_id', 'meta__silver_version', 'meta__source_file', 'meta__source_row_id', 'meta__split', 'event_time', 'event_step', 'time_index', 'event_date', 'anomaly_flag', 'is_anomaly', 'is_normal', 'status_normal_value', 'sensor_00', 'sensor_01', 'sensor_02', 'sensor_03', 'sensor_04', 'sensor_05', 'sensor_06', 'sensor_07', 'sensor_08', 'sensor_09', 'sensor_10', 'sensor_11', 'sensor_12', 'sensor_13', 'sensor_14', 'sensor_16', 'sensor_17', 'sensor_18', 'sensor_19', 'sensor_20', 'sensor_21', 'sensor_22', 'sensor_23', 'sensor_24', 'sensor_25', 'sensor_26', 'sensor_27', 'sensor_28', 'sensor_29', 'sensor_30', 'sensor_31', 'sensor_32', 'sensor_33', 'sensor_34', 'sensor_35', 'sensor_36', 'sensor_37', 'sensor_38', 'sensor_39', 'sensor_40', 'sensor_41', 'sensor_42', 'sensor_43', 'sensor_44', 'sensor_45', 'sensor_46', 'sensor_47', 'sensor_48', 'sensor_49', 'sensor_51', 'timestamp', 'machine_status', 'meta__gold_imputation', 'meta__gold_scaler']
2026-03-03 01:02:27,965 | INFO | capstone.gold | LEDGER | {'ts_utc': '2026-03-03T01:02:27.965322+00:00', 'stage': 'gold', 'recipe': 'gold_preprocessing__v001_cascade', 'kind': 'step', 'step': 'save_gold_preprocessed', 'message': 'Saved full Gold preprocessed dataset.', 'why': None, 'consequence': None, 'data': {'gold_preprocessed_path': '/workspace/data/gold/pump__gold__preprocessed.parquet', 'gold_shape': [220320, 87]}}
2026-03-03 01:02:36,182 | INFO | capstone.file_io | Saved JSON: /workspace/artifacts/gold/pump/pump__gold__stage1_features.json
2026-03-03 01:02:36,208 | INFO | capstone.file_io | Saved JSON: /workspace/artifacts/gold/pump/pump__gold__stage2_features.json
2026-03-03 01:02:36,227 | INFO | capstone.file_io | Saved JSON: /workspace/artifacts/gold/pump/pump__gold__stage3_primary_rule_sensors.json
2026-03-03 01:02:36,248 | INFO | capstone.file_io | Saved JSON: /workspace/artifacts/gold/pump/pump__gold__stage3_secondary_rule_sensors.json
2026-03-03 01:02:36,416 | INFO | capstone.gold | LEDGER | {'ts_utc': '2026-03-03T01:02:36.416136+00:00', 'stage': 'gold', 'recipe': 'gold_preprocessing__v001_cascade', 'kind': 'step', 'step': 'build_stage_feature_sets', 'message': 'Built feature sets for baseline, Stage 1, Stage 2, and Stage 3.', 'why': None, 'consequence': None, 'data': {'stage1_feature_count': 50, 'stage2_feature_count': 12, 'stage3_primary_rule_count': 5, 'stage3_secondary_rule_count': 7}}
2026-03-03 01:02:38,904 | INFO | capstone.file_io | Saving DataFrame to Parquet: /workspace/data/gold/pump__gold__train.parquet
2026-03-03 01:02:41,077 | INFO | capstone.file_io | Saved: pump__gold__train.parquet | shape=(154224, 87) | columns=['meta__asset_id', 'meta__cleaning_recipe_id', 'meta__dataset', 'meta__dataset_name', 'meta__dataset_source', 'meta__event_id', 'meta__event_time_parse_success_percent', 'meta__event_time_source', 'meta__feature_count', 'meta__feature_set_id', 'meta__has_label_candidates', 'meta__has_status_candidates', 'meta__ingested_at_utc', 'meta__label_source', 'meta__label_source_column', 'meta__label_source_kind', 'meta__label_type', 'meta__layer', 'meta__processed_at_utc', 'meta__record_id', 'meta__run_id', 'meta__silver_version', 'meta__source_file', 'meta__source_row_id', 'meta__split', 'event_time', 'event_step', 'time_index', 'event_date', 'anomaly_flag', 'is_anomaly', 'is_normal', 'status_normal_value', 'sensor_00', 'sensor_01', 'sensor_02', 'sensor_03', 'sensor_04', 'sensor_05', 'sensor_06', 'sensor_07', 'sensor_08', 'sensor_09', 'sensor_10', 'sensor_11', 'sensor_12', 'sensor_13', 'sensor_14', 'sensor_16', 'sensor_17', 'sensor_18', 'sensor_19', 'sensor_20', 'sensor_21', 'sensor_22', 'sensor_23', 'sensor_24', 'sensor_25', 'sensor_26', 'sensor_27', 'sensor_28', 'sensor_29', 'sensor_30', 'sensor_31', 'sensor_32', 'sensor_33', 'sensor_34', 'sensor_35', 'sensor_36', 'sensor_37', 'sensor_38', 'sensor_39', 'sensor_40', 'sensor_41', 'sensor_42', 'sensor_43', 'sensor_44', 'sensor_45', 'sensor_46', 'sensor_47', 'sensor_48', 'sensor_49', 'sensor_51', 'timestamp', 'machine_status', 'meta__gold_imputation', 'meta__gold_scaler']
2026-03-03 01:02:41,083 | INFO | capstone.file_io | Saving DataFrame to Parquet: /workspace/data/gold/pump__gold__test.parquet
2026-03-03 01:02:41,749 | INFO | capstone.file_io | Saved: pump__gold__test.parquet | shape=(66096, 87) | columns=['meta__asset_id', 'meta__cleaning_recipe_id', 'meta__dataset', 'meta__dataset_name', 'meta__dataset_source', 'meta__event_id', 'meta__event_time_parse_success_percent', 'meta__event_time_source', 'meta__feature_count', 'meta__feature_set_id', 'meta__has_label_candidates', 'meta__has_status_candidates', 'meta__ingested_at_utc', 'meta__label_source', 'meta__label_source_column', 'meta__label_source_kind', 'meta__label_type', 'meta__layer', 'meta__processed_at_utc', 'meta__record_id', 'meta__run_id', 'meta__silver_version', 'meta__source_file', 'meta__source_row_id', 'meta__split', 'event_time', 'event_step', 'time_index', 'event_date', 'anomaly_flag', 'is_anomaly', 'is_normal', 'status_normal_value', 'sensor_00', 'sensor_01', 'sensor_02', 'sensor_03', 'sensor_04', 'sensor_05', 'sensor_06', 'sensor_07', 'sensor_08', 'sensor_09', 'sensor_10', 'sensor_11', 'sensor_12', 'sensor_13', 'sensor_14', 'sensor_16', 'sensor_17', 'sensor_18', 'sensor_19', 'sensor_20', 'sensor_21', 'sensor_22', 'sensor_23', 'sensor_24', 'sensor_25', 'sensor_26', 'sensor_27', 'sensor_28', 'sensor_29', 'sensor_30', 'sensor_31', 'sensor_32', 'sensor_33', 'sensor_34', 'sensor_35', 'sensor_36', 'sensor_37', 'sensor_38', 'sensor_39', 'sensor_40', 'sensor_41', 'sensor_42', 'sensor_43', 'sensor_44', 'sensor_45', 'sensor_46', 'sensor_47', 'sensor_48', 'sensor_49', 'sensor_51', 'timestamp', 'machine_status', 'meta__gold_imputation', 'meta__gold_scaler']
2026-03-03 01:02:41,758 | INFO | capstone.file_io | Saving DataFrame to Parquet: /workspace/data/gold/pump__gold__fit_normal_only.parquet
2026-03-03 01:02:43,505 | INFO | capstone.file_io | Saved: pump__gold__fit_normal_only.parquet | shape=(139816, 87) | columns=['meta__asset_id', 'meta__cleaning_recipe_id', 'meta__dataset', 'meta__dataset_name', 'meta__dataset_source', 'meta__event_id', 'meta__event_time_parse_success_percent', 'meta__event_time_source', 'meta__feature_count', 'meta__feature_set_id', 'meta__has_label_candidates', 'meta__has_status_candidates', 'meta__ingested_at_utc', 'meta__label_source', 'meta__label_source_column', 'meta__label_source_kind', 'meta__label_type', 'meta__layer', 'meta__processed_at_utc', 'meta__record_id', 'meta__run_id', 'meta__silver_version', 'meta__source_file', 'meta__source_row_id', 'meta__split', 'event_time', 'event_step', 'time_index', 'event_date', 'anomaly_flag', 'is_anomaly', 'is_normal', 'status_normal_value', 'sensor_00', 'sensor_01', 'sensor_02', 'sensor_03', 'sensor_04', 'sensor_05', 'sensor_06', 'sensor_07', 'sensor_08', 'sensor_09', 'sensor_10', 'sensor_11', 'sensor_12', 'sensor_13', 'sensor_14', 'sensor_16', 'sensor_17', 'sensor_18', 'sensor_19', 'sensor_20', 'sensor_21', 'sensor_22', 'sensor_23', 'sensor_24', 'sensor_25', 'sensor_26', 'sensor_27', 'sensor_28', 'sensor_29', 'sensor_30', 'sensor_31', 'sensor_32', 'sensor_33', 'sensor_34', 'sensor_35', 'sensor_36', 'sensor_37', 'sensor_38', 'sensor_39', 'sensor_40', 'sensor_41', 'sensor_42', 'sensor_43', 'sensor_44', 'sensor_45', 'sensor_46', 'sensor_47', 'sensor_48', 'sensor_49', 'sensor_51', 'timestamp', 'machine_status', 'meta__gold_imputation', 'meta__gold_scaler']
2026-03-03 01:02:43,602 | INFO | capstone.gold | LEDGER | {'ts_utc': '2026-03-03T01:02:43.602017+00:00', 'stage': 'gold', 'recipe': 'gold_preprocessing__v001_cascade', 'kind': 'step', 'step': 'save_gold_split_artifacts', 'message': 'Saved Gold train, test, and normal-only fit parquet artifacts.', 'why': None, 'consequence': None, 'data': {'train_rows': 154224, 'test_rows': 66096, 'fit_rows_normal_only': 139816, 'train_path': '/workspace/data/gold/pump__gold__train.parquet', 'test_path': '/workspace/data/gold/pump__gold__test.parquet', 'fit_path': '/workspace/data/gold/pump__gold__fit_normal_only.parquet'}}
2026-03-03 01:02:44,039 | INFO | capstone.file_io | Saved JSON: /workspace/artifacts/gold/pump/pump__gold__preprocessing_summary.json
2026-03-03 01:02:44,077 | INFO | capstone.file_io | Saved JSON: /workspace/artifacts/gold/pump/pump__gold__preprocessing_metadata.json
2026-03-03 01:02:44,460 | INFO | capstone.gold | LEDGER | {'ts_utc': '2026-03-03T01:02:44.460010+00:00', 'stage': 'gold', 'recipe': 'gold_preprocessing__v001_cascade', 'kind': 'step', 'step': 'save_preprocessing_outputs', 'message': 'Saved Gold preprocessing outputs, metadata, and reference profile artifacts.', 'why': None, 'consequence': None, 'data': {'preprocessing_summary_path': '/workspace/artifacts/gold/pump/pump__gold__preprocessing_summary.json', 'preprocessing_metadata_path': '/workspace/artifacts/gold/pump/pump__gold__preprocessing_metadata.json', 'reference_profile_path': '/workspace/artifacts/gold/pump/pump__gold__reference_profile.csv', 'preprocessor_scaler_path': None}}
2026-03-03 01:02:44,464 | INFO | capstone.gold | LEDGER | {'ts_utc': '2026-03-03T01:02:44.464011+00:00', 'stage': 'gold', 'recipe': 'gold_preprocessing__v001_cascade', 'kind': 'step', 'step': 'finalize_preprocessing', 'message': 'Gold preprocessing notebook complete.', 'why': None, 'consequence': None, 'data': {'gold_path': '/workspace/data/gold/pump__gold__preprocessed.parquet', 'stage1_features_path': '/workspace/artifacts/gold/pump/pump__gold__stage1_features.json', 'stage2_features_path': '/workspace/artifacts/gold/pump/pump__gold__stage2_features.json', 'stage3_primary_path': '/workspace/artifacts/gold/pump/pump__gold__stage3_primary_rule_sensors.json', 'stage3_secondary_path': '/workspace/artifacts/gold/pump/pump__gold__stage3_secondary_rule_sensors.json', 'gold_shape': [220320, 87], 'feature_count': 50, 'stage1_feature_count': 50, 'stage2_feature_count': 12, 'stage3_primary_rule_count': 5, 'stage3_secondary_rule_count': 7}}
2026-03-03 20:25:19,368 | INFO | capstone.gold | Gold stage starting
2026-03-03 20:25:19,380 | INFO | capstone.gold | Project Root Path Loaded: /workspace
2026-03-03 20:25:19,387 | INFO | capstone.gold | Project Logging Path Loaded: /workspace/logs
2026-03-03 20:25:19,393 | INFO | capstone.gold | Project Artifacts Path Loaded: /workspace/artifacts
2026-03-03 20:25:19,397 | INFO | capstone.gold | Project Notebooks Path Loaded /workspace/notebooks
2026-03-03 20:25:19,399 | INFO | capstone.gold | Project Data Path Loaded: /workspace/data
2026-03-03 20:25:19,401 | INFO | capstone.gold | Data Bronze Path Loaded: /workspace/data/bronze
2026-03-03 20:25:19,407 | INFO | capstone.gold | Data Bronze Training Path Loaded: /workspace/data/bronze/train
2026-03-03 20:25:19,412 | INFO | capstone.gold | Data Bronze Testing Path Loaded: /workspace/data/bronze/test
2026-03-03 20:25:19,415 | INFO | capstone.gold | Data Silver Path Loaded: /workspace/data/silver
2026-03-03 20:25:19,419 | INFO | capstone.gold | Data Silver Training Path Loaded: /workspace/data/silver/train
2026-03-03 20:25:19,422 | INFO | capstone.gold | Data Silver Testing Path Loaded: /workspace/data/silver/test
2026-03-03 20:25:19,425 | INFO | capstone.gold | Data Gold Path Loaded: /workspace/data/gold
2026-03-03 20:25:21,222 | INFO | capstone.gold | W&B initialized: gold__001
2026-03-03 20:25:22,009 | INFO | capstone.gold | LEDGER | {'ts_utc': '2026-03-03T20:25:22.009849+00:00', 'stage': 'gold', 'recipe': 'gold_preprocessing__v001_cascade', 'kind': 'step', 'step': 'init', 'message': 'Initialized ledger', 'why': None, 'consequence': None, 'data': {}}
2026-03-03 20:25:22,841 | INFO | capstone.gold | Loading Silver parquet: /workspace/data/silver/train/pump__silver__train.parquet
2026-03-03 20:25:22,845 | INFO | capstone.file_io | Loading Parquet: /workspace/data/silver/train/pump__silver__train.parquet
2026-03-03 20:25:24,429 | INFO | capstone.gold | Loading feature registry: /workspace/artifacts/silver/pump/pump__silver__feature_registry.json
2026-03-03 20:25:24,438 | INFO | capstone.file_io | Loading JSON: /workspace/artifacts/silver/pump/pump__silver__feature_registry.json
2026-03-03 20:25:24,462 | INFO | capstone.gold | Loading imputation recommendation: /workspace/artifacts/silver_eda/pump/imputation__recommendation.json
2026-03-03 20:25:24,469 | INFO | capstone.file_io | Loading JSON: /workspace/artifacts/silver_eda/pump/imputation__recommendation.json
2026-03-03 20:25:24,487 | INFO | capstone.gold | Silver shape=(220320, 85)
2026-03-03 20:25:24,489 | INFO | capstone.gold | Feature count=50
2026-03-03 20:25:24,491 | INFO | capstone.gold | Recommended imputation=forward_fill_within_group_then_median
2026-03-03 20:25:24,493 | INFO | capstone.gold | LEDGER | {'ts_utc': '2026-03-03T20:25:24.493141+00:00', 'stage': 'gold', 'recipe': 'gold_preprocessing__v001_cascade', 'kind': 'step', 'step': 'load_inputs', 'message': 'Loaded Silver parquet, feature registry, and imputation recommendation.', 'why': None, 'consequence': None, 'data': {'silver_path': '/workspace/data/silver/train/pump__silver__train.parquet', 'feature_registry_path': '/workspace/artifacts/silver/pump/pump__silver__feature_registry.json', 'impute_recommendation_path': '/workspace/artifacts/silver_eda/pump/imputation__recommendation.json', 'feature_count': 50, 'feature_set_id': 'feature_set__bea5fdd737ae53fcd80ca84cafcd0c40', 'recommended_imputation': 'forward_fill_within_group_then_median', 'shape': {'rows': 220320, 'cols': 85}}}
