2026-03-01 03:55:40,960 | INFO | capstone.silver | Silver stage starting
2026-03-01 03:55:40,962 | INFO | capstone.silver | Project Root Path Loaded: /workspace
2026-03-01 03:55:40,964 | INFO | capstone.silver | Project Logging Path Loaded: /workspace/logs
2026-03-01 03:55:40,965 | INFO | capstone.silver | Project Artifacts Path Loaded: /workspace/artifacts
2026-03-01 03:55:40,967 | INFO | capstone.silver | Project Notebooks Path Loaded /workspace/notebooks
2026-03-01 03:55:40,970 | INFO | capstone.silver | Project Data Path Loaded: /workspace/data
2026-03-01 03:55:40,971 | INFO | capstone.silver | Data Bronze Path Loaded: /workspace/data/bronze
2026-03-01 03:55:40,972 | INFO | capstone.silver | Data Bronze Training Path Loaded: /workspace/data/bronze/train
2026-03-01 03:55:40,974 | INFO | capstone.silver | Data Bronze Testing Path Loaded: /workspace/data/bronze/test
2026-03-01 03:55:40,976 | INFO | capstone.silver | Data Silver Path Loaded: /workspace/data/silver
2026-03-01 03:55:40,978 | INFO | capstone.silver | Data Silver Training Path Loaded: /workspace/data/silver/train
2026-03-01 03:55:40,980 | INFO | capstone.silver | Data Silver Testing Path Loaded: /workspace/data/silver/test
2026-03-01 03:55:44,700 | INFO | capstone.silver | W&B initialized: silver__001
2026-03-01 03:55:45,253 | INFO | capstone.silver | LEDGER | {'ts_utc': '2026-03-01T03:55:45.253154+00:00', 'stage': 'silver', 'recipe': 'silver__clean__dataset__agnostic__v001', 'kind': 'step', 'step': 'init', 'message': 'Initialized ledger', 'why': None, 'consequence': None, 'data': {}}
2026-03-01 03:55:45,851 | INFO | capstone.file_io | Loading Parquet: /workspace/data/bronze/train/pump__bronze__train.parquet
2026-03-01 03:55:46,527 | INFO | capstone.silver | Loaded Bronze: /workspace/data/bronze/train/pump__bronze__train.parquet | shape=(220320, 65)
2026-03-01 03:55:46,531 | INFO | capstone.silver | LEDGER | {'ts_utc': '2026-03-01T03:55:46.531495+00:00', 'stage': 'silver', 'recipe': 'silver__clean__dataset__agnostic__v001', 'kind': 'step', 'step': 'load_bronze', 'message': 'Loaded Bronze Parquet', 'why': 'Silver must be derived from reprodicible Bronze Artifact', 'consequence': 'All silver outputs trace back to this file', 'data': {'bronze_path': '/workspace/data/bronze/train/pump__bronze__train.parquet', 'shape': [220320, 65], 'cols': 65}}
2026-03-01 03:55:48,837 | INFO | capstone.silver | Dropped junk columns: ['Unnamed: 0']
2026-03-01 03:55:48,839 | INFO | capstone.silver | LEDGER | {'ts_utc': '2026-03-01T03:55:48.839419+00:00', 'stage': 'silver', 'recipe': 'silver__clean__dataset__agnostic__v001', 'kind': 'step', 'step': 'remove_junk_import_columns', 'message': 'Dropped junk columns via candidates and/or regex pattern', 'why': None, 'consequence': None, 'data': {'dropped': ['Unnamed: 0'], 'pattern': '^unnamed:\\s*\\d+(\\.\\d+)?$'}}
2026-03-01 03:55:49,791 | INFO | capstone.silver | No duplicate column names detected.
2026-03-01 03:55:49,793 | INFO | capstone.silver | LEDGER | {'ts_utc': '2026-03-01T03:55:49.793678+00:00', 'stage': 'silver', 'recipe': 'silver__clean__dataset__agnostic__v001', 'kind': 'step', 'step': 'deduplicate_columns', 'message': 'Removed duplicate column names (kept first occurrence).', 'why': None, 'consequence': None, 'data': {'duplicates': [], 'count': 0}}
2026-03-01 03:55:52,864 | INFO | capstone.silver | LEDGER | {'ts_utc': '2026-03-01T03:55:52.864922+00:00', 'stage': 'silver', 'recipe': 'silver__clean__dataset__agnostic__v001', 'kind': 'step', 'step': 'silver_meta_contract', 'message': 'Stamped Silver-owned meta columns and ensured required Bronze meta columns exist.', 'why': 'Silver needs consistent lineage + processing timestamps before canonical ordering, labels, and features.', 'consequence': 'Downstream steps can rely on meta__ fields without overwriting Bronze meaning.', 'data': {'layer': 'silver', 'processed_at_utc': '2026-03-01T03:55:52.860001+00:00', 'required_meta_columns': ['meta__dataset', 'meta__split', 'meta__run_id', 'meta__asset_id', 'meta__source_file', 'meta__source_row_id'], 'added_meta_columns': ['meta__layer', 'meta__processed_at_utc', 'meta__dataset_name', 'meta__dataset_source', 'meta__feature_set_id', 'meta__feature_count', 'meta__label_source_column', 'meta__label_source_kind'], 'shape': {'rows': 220320, 'cols': 68}}}
2026-03-01 03:55:53,884 | INFO | capstone.silver | LEDGER | {'ts_utc': '2026-03-01T03:55:53.884524+00:00', 'stage': 'silver', 'recipe': 'silver__clean__dataset__agnostic__v001', 'kind': 'decision', 'step': 'resolve_dataset_name', 'message': 'Resolved dataset name for Silver (Bronze preferred; fallback otherwise).', 'why': 'Silver uses Bronze-stamped dataset identifier as source of truth to preserve lineage.', 'consequence': 'All artifacts and feature_set IDs will be consistent across layers.', 'data': {'dataset_name': 'pump', 'dataset_source_col': 'meta__dataset', 'dataset_method': 'unique', 'candidates': ['meta__dataset_name', 'meta__source_dataset']}}
2026-03-01 04:00:18,177 | INFO | capstone.silver | LEDGER | {'ts_utc': '2026-03-01T04:00:18.177477+00:00', 'stage': 'silver', 'recipe': 'silver__clean__dataset__agnostic__v001', 'kind': 'decision', 'step': 'create dataset specific artifcats folder', 'message': 'Creating a dataset specific artificats folder now that the dataset name has been resolved', 'why': 'To allow for artifacts to be stored properly. ', 'consequence': 'All artifacts will intermingle and create the need for organization/decluttering. .', 'data': {'dataset_name': 'pump', 'silver_artifacts_folder': PosixPath('/workspace/artifacts/silver/pump')}}
2026-03-01 04:00:24,850 | INFO | capstone.silver | LEDGER | {'ts_utc': '2026-03-01T04:00:24.850726+00:00', 'stage': 'silver', 'recipe': 'silver__clean__dataset__agnostic__v001', 'kind': 'decision', 'step': 'resolve_label_or_status_source', 'message': 'Resolved label/status source column for Silver.', 'why': 'Silver needs one consistent source to build anomaly_flag and state flags.', 'consequence': 'Downstream label building uses this source consistently. we also record all detected candidates for traceability.', 'data': {'label_source_col': 'machine_status', 'label_source_type': 'status', 'chosen_from': 'status_candidates', 'label_candidates': ['anomaly_flag', 'fault_flag', 'target', 'label', 'y'], 'status_candidates': ['machine_status', 'status', 'state', 'condition'], 'found_label_columns': [], 'found_status_columns': ['machine_status'], 'found_counts': {'labels_found': 0, 'status_found': 1}, 'chosen_column_stats': {'top_values': {'NORMAL': 205836, 'RECOVERING': 14477, 'BROKEN': 7}, 'unique_count': 3, 'non_null_count': 220320, 'total_row_count': 220320, 'coverage_pct': 100.0}}}
2026-03-01 04:00:26,025 | INFO | capstone.silver | LEDGER | {'ts_utc': '2026-03-01T04:00:26.025850+00:00', 'stage': 'silver', 'recipe': 'silver__clean__dataset__agnostic__v001', 'kind': 'step', 'step': 'canonical_name_collision_protection', 'message': 'No canonical-name collisions found (Policy A).', 'why': 'Confirm input does not contain columns that conflict with canonical outputs.', 'consequence': 'Canonical outputs can be created without renaming any source columns.', 'data': {'policy': 'A', 'canonical_outputs': ['event_time', 'event_step', 'time_index'], 'collisions': 0, 'shape': {'rows': 220320, 'cols': 74}}}
2026-03-01 04:00:27,866 | INFO | capstone.silver | LEDGER | {'ts_utc': '2026-03-01T04:00:27.866912+00:00', 'stage': 'silver', 'recipe': 'silver__clean__dataset__agnostic__v001', 'kind': 'decision', 'step': 'build_canonical_identity_and_order_master', 'message': 'Built canonical identity + ordering master per (asset, run).', 'why': 'Silver requires a stable per-(asset,run) event axis for windowing, segmentation, EDA, and consistent downstream modeling across datasets.', 'consequence': 'Each (asset,run) group has event_step/time_index from 0..N-1; event_time is parsed when available; meta__event_id is deterministic.', 'data': {'dataset_name': 'pump', 'time_candidates': ['timestamp', 'event_time', 'time', 'datetime', 'date'], 'step_candidates': ['cycle', 'step', 'event_step', 'sample', 'time_index'], 'tie_breaker_candidates': ['meta__source_row_id', 'meta__record_id'], 'ordering_mode': 'time', 'group_columns': ['meta__asset_id', 'meta__run_id'], 'group_count': 1, 'rows': 220320, 'time_column_used': 'timestamp', 'time_parse_success_percent': 100.0, 'step_column_used': None, 'step_parse_success_percent': None, 'tie_breaker_column_used': 'meta__source_row_id', 'sorted': True, 'sort_columns': ['meta__asset_id', 'meta__run_id', 'event_time', 'meta__source_row_id'], 'shape': {'rows': 220320, 'cols': 81}}}
2026-03-01 04:00:28,897 | INFO | capstone.silver | LEDGER | {'ts_utc': '2026-03-01T04:00:28.897520+00:00', 'stage': 'silver', 'recipe': 'silver__clean__dataset__agnostic__v001', 'kind': 'step', 'step': 'build_anomaly_flag', 'message': 'Built anomaly_flag from resolved label/status source.', 'why': 'Silver requires a consistent binary anomaly flag for segmentation, evaluation, and synthetic anomaly generation.', 'consequence': 'Downstream steps can rely on anomaly_flag (0/1) being present across datasets.', 'data': {'label_source_column': 'machine_status', 'label_source_type': 'status', 'source_type': 'status', 'source_column': 'machine_status', 'method': 'status_compare_to_normal_value', 'normal_value': 'NORMAL', 'unique_status_count': 3, 'non_null_count': 220320, 'anomaly_flag_counts': {'0': 205836, '1': 14484}, 'anomaly_rate_percent': 6.5740740740740735, 'shape': {'rows': 220320, 'columns': 85}}}
2026-03-01 04:00:30,985 | INFO | capstone.silver | Missingness quarantine dropped 2 features: ['sensor_15', 'sensor_50']
2026-03-01 04:00:30,988 | INFO | capstone.silver | LEDGER | {'ts_utc': '2026-03-01T04:00:30.988287+00:00', 'stage': 'silver', 'recipe': 'silver__clean__dataset__agnostic__v001', 'kind': 'decision', 'step': 'missingness_quarantine', 'message': 'Dropped features exceeding missingness threshold (or all-null).', 'why': 'High-missingness features add noise/instability to EDA + modeling.', 'consequence': 'Feature set shrinks; downstream stats/imputation/modeling operate on remaining features.', 'data': {'threshold_pct': 30.0, 'dropped': ['sensor_15', 'sensor_50'], 'remaining': 50, 'top_missing_pct': {'sensor_15': 100.0, 'sensor_50': 34.95688090050835, 'sensor_51': 6.982116920842412, 'sensor_00': 4.633260711692085, 'sensor_07': 2.474128540305011, 'sensor_08': 2.3179920116194626, 'sensor_06': 2.177741466957153, 'sensor_09': 2.0856027596223674, 'sensor_01': 0.16748366013071894, 'sensor_30': 0.1184640522875817}}}
2026-03-01 04:00:31,910 | INFO | capstone.silver | LEDGER | {'ts_utc': '2026-03-01T04:00:31.910669+00:00', 'stage': 'silver', 'recipe': 'silver__clean__dataset__agnostic__v001', 'kind': 'decision', 'step': 'finalize_feature_set', 'message': 'Finalized feature set after applying feature filters (e.g., missingness quarantine).', 'why': 'Feature set identifier must represent the final schema used in downstream EDA/modeling.', 'consequence': 'Registry + parquet are consistent; Gold can assert schema alignment.', 'data': {'feature_set_id': 'feature_set__bea5fdd737ae53fcd80ca84cafcd0c40', 'label_source_column': 'machine_status', 'label_source_type': 'status', 'exclude_prefixes': ['meta__', 'raw__'], 'exclude_columns': ['event_time', 'event_step', 'time_index', 'event_date', 'meta__event_id', 'meta__event_time_source', 'meta__event_step_source', 'meta__event_time_parse_success_percent', 'meta__event_step_parse_success_percent', 'anomaly_flag', 'is_anomaly', 'is_normal', 'status_normal_value', 'meta__label_source', 'meta__label_type'], 'feature_count': 50, 'selected_feature_columns': ['sensor_00', 'sensor_01', 'sensor_02', 'sensor_03', 'sensor_04', 'sensor_05', 'sensor_06', 'sensor_07', 'sensor_08', 'sensor_09', 'sensor_10', 'sensor_11', 'sensor_12', 'sensor_13', 'sensor_14', 'sensor_16', 'sensor_17', 'sensor_18', 'sensor_19', 'sensor_20', 'sensor_21', 'sensor_22', 'sensor_23', 'sensor_24', 'sensor_25', 'sensor_26', 'sensor_27', 'sensor_28', 'sensor_29', 'sensor_30', 'sensor_31', 'sensor_32', 'sensor_33', 'sensor_34', 'sensor_35', 'sensor_36', 'sensor_37', 'sensor_38', 'sensor_39', 'sensor_40', 'sensor_41', 'sensor_42', 'sensor_43', 'sensor_44', 'sensor_45', 'sensor_46', 'sensor_47', 'sensor_48', 'sensor_49', 'sensor_51'], 'feature_groups': {'numeric': ['sensor_00', 'sensor_01', 'sensor_02', 'sensor_03', 'sensor_04', 'sensor_05', 'sensor_06', 'sensor_07', 'sensor_08', 'sensor_09', 'sensor_10', 'sensor_11', 'sensor_12', 'sensor_13', 'sensor_14', 'sensor_16', 'sensor_17', 'sensor_18', 'sensor_19', 'sensor_20', 'sensor_21', 'sensor_22', 'sensor_23', 'sensor_24', 'sensor_25', 'sensor_26', 'sensor_27', 'sensor_28', 'sensor_29', 'sensor_30', 'sensor_31', 'sensor_32', 'sensor_33', 'sensor_34', 'sensor_35', 'sensor_36', 'sensor_37', 'sensor_38', 'sensor_39', 'sensor_40', 'sensor_41', 'sensor_42', 'sensor_43', 'sensor_44', 'sensor_45', 'sensor_46', 'sensor_47', 'sensor_48', 'sensor_49', 'sensor_51']}, 'shape': {'rows': 220320, 'cols': 85}}}
2026-03-01 04:00:35,991 | INFO | capstone.file_io | Saving DataFrame to Parquet: /workspace/data/silver/train/pump__silver__train.parquet
2026-03-01 04:00:38,110 | INFO | capstone.file_io | Saved: pump__silver__train.parquet | shape=(220320, 85) | columns=['meta__asset_id', 'meta__cleaning_recipe_id', 'meta__dataset', 'meta__dataset_name', 'meta__dataset_source', 'meta__event_id', 'meta__event_time_parse_success_percent', 'meta__event_time_source', 'meta__feature_count', 'meta__feature_set_id', 'meta__has_label_candidates', 'meta__has_status_candidates', 'meta__ingested_at_utc', 'meta__label_source', 'meta__label_source_column', 'meta__label_source_kind', 'meta__label_type', 'meta__layer', 'meta__processed_at_utc', 'meta__record_id', 'meta__run_id', 'meta__silver_version', 'meta__source_file', 'meta__source_row_id', 'meta__split', 'event_time', 'event_step', 'time_index', 'event_date', 'anomaly_flag', 'is_anomaly', 'is_normal', 'status_normal_value', 'sensor_00', 'sensor_01', 'sensor_02', 'sensor_03', 'sensor_04', 'sensor_05', 'sensor_06', 'sensor_07', 'sensor_08', 'sensor_09', 'sensor_10', 'sensor_11', 'sensor_12', 'sensor_13', 'sensor_14', 'sensor_16', 'sensor_17', 'sensor_18', 'sensor_19', 'sensor_20', 'sensor_21', 'sensor_22', 'sensor_23', 'sensor_24', 'sensor_25', 'sensor_26', 'sensor_27', 'sensor_28', 'sensor_29', 'sensor_30', 'sensor_31', 'sensor_32', 'sensor_33', 'sensor_34', 'sensor_35', 'sensor_36', 'sensor_37', 'sensor_38', 'sensor_39', 'sensor_40', 'sensor_41', 'sensor_42', 'sensor_43', 'sensor_44', 'sensor_45', 'sensor_46', 'sensor_47', 'sensor_48', 'sensor_49', 'sensor_51', 'timestamp', 'machine_status']
2026-03-01 04:00:38,125 | INFO | capstone.file_io | Saved JSON: /workspace/artifacts/silver/pump/silver__pump__feature_registry.json
2026-03-01 04:00:38,128 | INFO | capstone.silver | LEDGER | {'ts_utc': '2026-03-01T04:00:38.127975+00:00', 'stage': 'silver', 'recipe': 'silver__clean__dataset__agnostic__v001', 'kind': 'step', 'step': 'silver_finalize_export', 'message': 'Finalized Silver schema, ran quick quality checks, exported Parquet, and saved feature registry.', 'why': 'A stable Silver export and feature registry is the foundation for reproducible EDA, modeling, and synthetic anomaly generation.', 'consequence': 'Downstream steps can load the Parquet and feature registry as the single source of truth for Silver.', 'data': {'dataset_name': 'pump', 'silver_parquet_path': '/workspace/data/silver/train/pump__silver__train.parquet', 'feature_registry_path': '/workspace/artifacts/silver/pump/silver__pump__feature_registry.json', 'quality_info': {'total_rows': 220320, 'total_columns': 85, 'duplicate_row_count': 0, 'duplicate_event_id_count': 0, 'numeric_feature_count': 50, 'top_numeric_missingness_percent': {'sensor_51': 6.982116920842412, 'sensor_00': 4.633260711692085, 'sensor_07': 2.474128540305011, 'sensor_08': 2.3179920116194626, 'sensor_06': 2.177741466957153, 'sensor_09': 2.0856027596223674, 'sensor_01': 0.16748366013071894, 'sensor_30': 0.1184640522875817, 'sensor_29': 0.0326797385620915, 'sensor_32': 0.030864197530864196, 'sensor_17': 0.020878721859114015, 'sensor_18': 0.020878721859114015, 'sensor_22': 0.018609295570079884, 'sensor_25': 0.01633986928104575, 'sensor_16': 0.014070442992011621, 'sensor_38': 0.012254901960784314, 'sensor_39': 0.012254901960784314, 'sensor_40': 0.012254901960784314, 'sensor_41': 0.012254901960784314, 'sensor_42': 0.012254901960784314, 'sensor_43': 0.012254901960784314, 'sensor_44': 0.012254901960784314, 'sensor_45': 0.012254901960784314, 'sensor_46': 0.012254901960784314, 'sensor_47': 0.012254901960784314}, 'anomaly_rate_percent': 6.5740740740740735, 'anomaly_counts': {'0': 205836, '1': 14484}}, 'feature_set_id': 'feature_set__bea5fdd737ae53fcd80ca84cafcd0c40', 'feature_count': 50, 'shape': {'rows': 220320, 'cols': 85}}}
2026-03-01 04:18:12,307 | INFO | capstone.silver | Silver stage starting
2026-03-01 04:18:12,310 | INFO | capstone.silver | Project Root Path Loaded: /workspace
2026-03-01 04:18:12,312 | INFO | capstone.silver | Project Logging Path Loaded: /workspace/logs
2026-03-01 04:18:12,319 | INFO | capstone.silver | Project Artifacts Path Loaded: /workspace/artifacts
2026-03-01 04:18:12,322 | INFO | capstone.silver | Project Notebooks Path Loaded /workspace/notebooks
2026-03-01 04:18:12,324 | INFO | capstone.silver | Project Data Path Loaded: /workspace/data
2026-03-01 04:18:12,326 | INFO | capstone.silver | Data Bronze Path Loaded: /workspace/data/bronze
2026-03-01 04:18:12,327 | INFO | capstone.silver | Data Bronze Training Path Loaded: /workspace/data/bronze/train
2026-03-01 04:18:12,328 | INFO | capstone.silver | Data Bronze Testing Path Loaded: /workspace/data/bronze/test
2026-03-01 04:18:12,329 | INFO | capstone.silver | Data Silver Path Loaded: /workspace/data/silver
2026-03-01 04:18:12,330 | INFO | capstone.silver | Data Silver Training Path Loaded: /workspace/data/silver/train
2026-03-01 04:18:12,331 | INFO | capstone.silver | Data Silver Testing Path Loaded: /workspace/data/silver/test
2026-03-01 04:18:18,081 | INFO | capstone.silver | W&B initialized: silver__001
2026-03-01 04:18:18,718 | INFO | capstone.silver | LEDGER | {'ts_utc': '2026-03-01T04:18:18.718540+00:00', 'stage': 'silver', 'recipe': 'silver__clean__dataset__agnostic__v001', 'kind': 'step', 'step': 'init', 'message': 'Initialized ledger', 'why': None, 'consequence': None, 'data': {}}
2026-03-01 04:18:19,389 | INFO | capstone.file_io | Loading Parquet: /workspace/data/bronze/train/pump__bronze__train.parquet
2026-03-01 04:18:20,033 | INFO | capstone.silver | Loaded Bronze: /workspace/data/bronze/train/pump__bronze__train.parquet | shape=(220320, 65)
2026-03-01 04:18:20,036 | INFO | capstone.silver | LEDGER | {'ts_utc': '2026-03-01T04:18:20.036050+00:00', 'stage': 'silver', 'recipe': 'silver__clean__dataset__agnostic__v001', 'kind': 'step', 'step': 'load_bronze', 'message': 'Loaded Bronze Parquet', 'why': 'Silver must be derived from reprodicible Bronze Artifact', 'consequence': 'All silver outputs trace back to this file', 'data': {'bronze_path': '/workspace/data/bronze/train/pump__bronze__train.parquet', 'shape': [220320, 65], 'cols': 65}}
2026-03-01 04:18:22,549 | INFO | capstone.silver | Dropped junk columns: ['Unnamed: 0']
2026-03-01 04:18:22,551 | INFO | capstone.silver | LEDGER | {'ts_utc': '2026-03-01T04:18:22.551843+00:00', 'stage': 'silver', 'recipe': 'silver__clean__dataset__agnostic__v001', 'kind': 'step', 'step': 'remove_junk_import_columns', 'message': 'Dropped junk columns via candidates and/or regex pattern', 'why': None, 'consequence': None, 'data': {'dropped': ['Unnamed: 0'], 'pattern': '^unnamed:\\s*\\d+(\\.\\d+)?$'}}
2026-03-01 04:18:23,462 | INFO | capstone.silver | No duplicate column names detected.
2026-03-01 04:18:23,465 | INFO | capstone.silver | LEDGER | {'ts_utc': '2026-03-01T04:18:23.465003+00:00', 'stage': 'silver', 'recipe': 'silver__clean__dataset__agnostic__v001', 'kind': 'step', 'step': 'deduplicate_columns', 'message': 'Removed duplicate column names (kept first occurrence).', 'why': None, 'consequence': None, 'data': {'duplicates': [], 'count': 0}}
2026-03-01 04:18:23,787 | INFO | capstone.silver | LEDGER | {'ts_utc': '2026-03-01T04:18:23.787427+00:00', 'stage': 'silver', 'recipe': 'silver__clean__dataset__agnostic__v001', 'kind': 'step', 'step': 'silver_meta_contract', 'message': 'Stamped Silver-owned meta columns and ensured required Bronze meta columns exist.', 'why': 'Silver needs consistent lineage + processing timestamps before canonical ordering, labels, and features.', 'consequence': 'Downstream steps can rely on meta__ fields without overwriting Bronze meaning.', 'data': {'layer': 'silver', 'processed_at_utc': '2026-03-01T04:18:23.781532+00:00', 'required_meta_columns': ['meta__dataset', 'meta__split', 'meta__run_id', 'meta__asset_id', 'meta__source_file', 'meta__source_row_id'], 'added_meta_columns': ['meta__layer', 'meta__processed_at_utc', 'meta__dataset_name', 'meta__dataset_source', 'meta__feature_set_id', 'meta__feature_count', 'meta__label_source_column', 'meta__label_source_kind'], 'shape': {'rows': 220320, 'cols': 68}}}
2026-03-01 04:18:24,721 | INFO | capstone.silver | LEDGER | {'ts_utc': '2026-03-01T04:18:24.721435+00:00', 'stage': 'silver', 'recipe': 'silver__clean__dataset__agnostic__v001', 'kind': 'decision', 'step': 'resolve_dataset_name', 'message': 'Resolved dataset name for Silver (Bronze preferred; fallback otherwise).', 'why': 'Silver uses Bronze-stamped dataset identifier as source of truth to preserve lineage.', 'consequence': 'All artifacts and feature_set IDs will be consistent across layers.', 'data': {'dataset_name': 'pump', 'dataset_source_col': 'meta__dataset', 'dataset_method': 'unique', 'candidates': ['meta__dataset_name', 'meta__source_dataset']}}
2026-03-01 04:18:25,350 | INFO | capstone.silver | LEDGER | {'ts_utc': '2026-03-01T04:18:25.350613+00:00', 'stage': 'silver', 'recipe': 'silver__clean__dataset__agnostic__v001', 'kind': 'decision', 'step': 'create dataset specific artifcats folder', 'message': 'Creating a dataset specific artificats folder now that the dataset name has been resolved', 'why': 'To allow for artifacts to be stored properly. ', 'consequence': 'All artifacts will intermingle and create the need for organization/decluttering. .', 'data': {'dataset_name': 'pump', 'silver_artifacts_folder': PosixPath('/workspace/artifacts/silver/pump')}}
2026-03-01 04:18:26,515 | INFO | capstone.silver | LEDGER | {'ts_utc': '2026-03-01T04:18:26.515925+00:00', 'stage': 'silver', 'recipe': 'silver__clean__dataset__agnostic__v001', 'kind': 'decision', 'step': 'resolve_label_or_status_source', 'message': 'Resolved label/status source column for Silver.', 'why': 'Silver needs one consistent source to build anomaly_flag and state flags.', 'consequence': 'Downstream label building uses this source consistently. we also record all detected candidates for traceability.', 'data': {'label_source_col': 'machine_status', 'label_source_type': 'status', 'chosen_from': 'status_candidates', 'label_candidates': ['anomaly_flag', 'fault_flag', 'target', 'label', 'y'], 'status_candidates': ['machine_status', 'status', 'state', 'condition'], 'found_label_columns': [], 'found_status_columns': ['machine_status'], 'found_counts': {'labels_found': 0, 'status_found': 1}, 'chosen_column_stats': {'top_values': {'NORMAL': 205836, 'RECOVERING': 14477, 'BROKEN': 7}, 'unique_count': 3, 'non_null_count': 220320, 'total_row_count': 220320, 'coverage_pct': 100.0}}}
2026-03-01 04:18:27,691 | INFO | capstone.silver | LEDGER | {'ts_utc': '2026-03-01T04:18:27.691082+00:00', 'stage': 'silver', 'recipe': 'silver__clean__dataset__agnostic__v001', 'kind': 'step', 'step': 'canonical_name_collision_protection', 'message': 'No canonical-name collisions found (Policy A).', 'why': 'Confirm input does not contain columns that conflict with canonical outputs.', 'consequence': 'Canonical outputs can be created without renaming any source columns.', 'data': {'policy': 'A', 'canonical_outputs': ['event_time', 'event_step', 'time_index'], 'collisions': 0, 'shape': {'rows': 220320, 'cols': 74}}}
2026-03-01 04:18:29,487 | INFO | capstone.silver | LEDGER | {'ts_utc': '2026-03-01T04:18:29.487263+00:00', 'stage': 'silver', 'recipe': 'silver__clean__dataset__agnostic__v001', 'kind': 'decision', 'step': 'build_canonical_identity_and_order_master', 'message': 'Built canonical identity + ordering master per (asset, run).', 'why': 'Silver requires a stable per-(asset,run) event axis for windowing, segmentation, EDA, and consistent downstream modeling across datasets.', 'consequence': 'Each (asset,run) group has event_step/time_index from 0..N-1; event_time is parsed when available; meta__event_id is deterministic.', 'data': {'dataset_name': 'pump', 'time_candidates': ['timestamp', 'event_time', 'time', 'datetime', 'date'], 'step_candidates': ['cycle', 'step', 'event_step', 'sample', 'time_index'], 'tie_breaker_candidates': ['meta__source_row_id', 'meta__record_id'], 'ordering_mode': 'time', 'group_columns': ['meta__asset_id', 'meta__run_id'], 'group_count': 1, 'rows': 220320, 'time_column_used': 'timestamp', 'time_parse_success_percent': 100.0, 'step_column_used': None, 'step_parse_success_percent': None, 'tie_breaker_column_used': 'meta__source_row_id', 'sorted': True, 'sort_columns': ['meta__asset_id', 'meta__run_id', 'event_time', 'meta__source_row_id'], 'shape': {'rows': 220320, 'cols': 81}}}
2026-03-01 04:18:30,582 | INFO | capstone.silver | LEDGER | {'ts_utc': '2026-03-01T04:18:30.582372+00:00', 'stage': 'silver', 'recipe': 'silver__clean__dataset__agnostic__v001', 'kind': 'step', 'step': 'build_anomaly_flag', 'message': 'Built anomaly_flag from resolved label/status source.', 'why': 'Silver requires a consistent binary anomaly flag for segmentation, evaluation, and synthetic anomaly generation.', 'consequence': 'Downstream steps can rely on anomaly_flag (0/1) being present across datasets.', 'data': {'label_source_column': 'machine_status', 'label_source_type': 'status', 'source_type': 'status', 'source_column': 'machine_status', 'method': 'status_compare_to_normal_value', 'normal_value': 'NORMAL', 'unique_status_count': 3, 'non_null_count': 220320, 'anomaly_flag_counts': {'0': 205836, '1': 14484}, 'anomaly_rate_percent': 6.5740740740740735, 'shape': {'rows': 220320, 'columns': 85}}}
2026-03-01 04:18:33,140 | INFO | capstone.silver | Missingness quarantine dropped 2 features: ['sensor_15', 'sensor_50']
2026-03-01 04:18:33,142 | INFO | capstone.silver | LEDGER | {'ts_utc': '2026-03-01T04:18:33.142752+00:00', 'stage': 'silver', 'recipe': 'silver__clean__dataset__agnostic__v001', 'kind': 'decision', 'step': 'missingness_quarantine', 'message': 'Dropped features exceeding missingness threshold (or all-null).', 'why': 'High-missingness features add noise/instability to EDA + modeling.', 'consequence': 'Feature set shrinks; downstream stats/imputation/modeling operate on remaining features.', 'data': {'threshold_pct': 30.0, 'dropped': ['sensor_15', 'sensor_50'], 'remaining': 50, 'top_missing_pct': {'sensor_15': 100.0, 'sensor_50': 34.95688090050835, 'sensor_51': 6.982116920842412, 'sensor_00': 4.633260711692085, 'sensor_07': 2.474128540305011, 'sensor_08': 2.3179920116194626, 'sensor_06': 2.177741466957153, 'sensor_09': 2.0856027596223674, 'sensor_01': 0.16748366013071894, 'sensor_30': 0.1184640522875817}}}
2026-03-01 04:18:34,088 | INFO | capstone.silver | LEDGER | {'ts_utc': '2026-03-01T04:18:34.088156+00:00', 'stage': 'silver', 'recipe': 'silver__clean__dataset__agnostic__v001', 'kind': 'decision', 'step': 'finalize_feature_set', 'message': 'Finalized feature set after applying feature filters (e.g., missingness quarantine).', 'why': 'Feature set identifier must represent the final schema used in downstream EDA/modeling.', 'consequence': 'Registry + parquet are consistent; Gold can assert schema alignment.', 'data': {'feature_set_id': 'feature_set__bea5fdd737ae53fcd80ca84cafcd0c40', 'label_source_column': 'machine_status', 'label_source_type': 'status', 'exclude_prefixes': ['meta__', 'raw__'], 'exclude_columns': ['event_time', 'event_step', 'time_index', 'event_date', 'meta__event_id', 'meta__event_time_source', 'meta__event_step_source', 'meta__event_time_parse_success_percent', 'meta__event_step_parse_success_percent', 'anomaly_flag', 'is_anomaly', 'is_normal', 'status_normal_value', 'meta__label_source', 'meta__label_type'], 'feature_count': 50, 'selected_feature_columns': ['sensor_00', 'sensor_01', 'sensor_02', 'sensor_03', 'sensor_04', 'sensor_05', 'sensor_06', 'sensor_07', 'sensor_08', 'sensor_09', 'sensor_10', 'sensor_11', 'sensor_12', 'sensor_13', 'sensor_14', 'sensor_16', 'sensor_17', 'sensor_18', 'sensor_19', 'sensor_20', 'sensor_21', 'sensor_22', 'sensor_23', 'sensor_24', 'sensor_25', 'sensor_26', 'sensor_27', 'sensor_28', 'sensor_29', 'sensor_30', 'sensor_31', 'sensor_32', 'sensor_33', 'sensor_34', 'sensor_35', 'sensor_36', 'sensor_37', 'sensor_38', 'sensor_39', 'sensor_40', 'sensor_41', 'sensor_42', 'sensor_43', 'sensor_44', 'sensor_45', 'sensor_46', 'sensor_47', 'sensor_48', 'sensor_49', 'sensor_51'], 'feature_groups': {'numeric': ['sensor_00', 'sensor_01', 'sensor_02', 'sensor_03', 'sensor_04', 'sensor_05', 'sensor_06', 'sensor_07', 'sensor_08', 'sensor_09', 'sensor_10', 'sensor_11', 'sensor_12', 'sensor_13', 'sensor_14', 'sensor_16', 'sensor_17', 'sensor_18', 'sensor_19', 'sensor_20', 'sensor_21', 'sensor_22', 'sensor_23', 'sensor_24', 'sensor_25', 'sensor_26', 'sensor_27', 'sensor_28', 'sensor_29', 'sensor_30', 'sensor_31', 'sensor_32', 'sensor_33', 'sensor_34', 'sensor_35', 'sensor_36', 'sensor_37', 'sensor_38', 'sensor_39', 'sensor_40', 'sensor_41', 'sensor_42', 'sensor_43', 'sensor_44', 'sensor_45', 'sensor_46', 'sensor_47', 'sensor_48', 'sensor_49', 'sensor_51']}, 'shape': {'rows': 220320, 'cols': 85}}}
2026-03-01 04:18:38,052 | INFO | capstone.file_io | Saving DataFrame to Parquet: /workspace/data/silver/train/pump__silver__train.parquet
2026-03-01 04:18:40,158 | INFO | capstone.file_io | Saved: pump__silver__train.parquet | shape=(220320, 85) | columns=['meta__asset_id', 'meta__cleaning_recipe_id', 'meta__dataset', 'meta__dataset_name', 'meta__dataset_source', 'meta__event_id', 'meta__event_time_parse_success_percent', 'meta__event_time_source', 'meta__feature_count', 'meta__feature_set_id', 'meta__has_label_candidates', 'meta__has_status_candidates', 'meta__ingested_at_utc', 'meta__label_source', 'meta__label_source_column', 'meta__label_source_kind', 'meta__label_type', 'meta__layer', 'meta__processed_at_utc', 'meta__record_id', 'meta__run_id', 'meta__silver_version', 'meta__source_file', 'meta__source_row_id', 'meta__split', 'event_time', 'event_step', 'time_index', 'event_date', 'anomaly_flag', 'is_anomaly', 'is_normal', 'status_normal_value', 'sensor_00', 'sensor_01', 'sensor_02', 'sensor_03', 'sensor_04', 'sensor_05', 'sensor_06', 'sensor_07', 'sensor_08', 'sensor_09', 'sensor_10', 'sensor_11', 'sensor_12', 'sensor_13', 'sensor_14', 'sensor_16', 'sensor_17', 'sensor_18', 'sensor_19', 'sensor_20', 'sensor_21', 'sensor_22', 'sensor_23', 'sensor_24', 'sensor_25', 'sensor_26', 'sensor_27', 'sensor_28', 'sensor_29', 'sensor_30', 'sensor_31', 'sensor_32', 'sensor_33', 'sensor_34', 'sensor_35', 'sensor_36', 'sensor_37', 'sensor_38', 'sensor_39', 'sensor_40', 'sensor_41', 'sensor_42', 'sensor_43', 'sensor_44', 'sensor_45', 'sensor_46', 'sensor_47', 'sensor_48', 'sensor_49', 'sensor_51', 'timestamp', 'machine_status']
2026-03-01 04:18:40,180 | INFO | capstone.file_io | Saved JSON: /workspace/artifacts/silver/pump/silver__pump__feature_registry.json
2026-03-01 04:18:40,182 | INFO | capstone.silver | LEDGER | {'ts_utc': '2026-03-01T04:18:40.182874+00:00', 'stage': 'silver', 'recipe': 'silver__clean__dataset__agnostic__v001', 'kind': 'step', 'step': 'silver_finalize_export', 'message': 'Finalized Silver schema, ran quick quality checks, exported Parquet, and saved feature registry.', 'why': 'A stable Silver export and feature registry is the foundation for reproducible EDA, modeling, and synthetic anomaly generation.', 'consequence': 'Downstream steps can load the Parquet and feature registry as the single source of truth for Silver.', 'data': {'dataset_name': 'pump', 'silver_parquet_path': '/workspace/data/silver/train/pump__silver__train.parquet', 'feature_registry_path': '/workspace/artifacts/silver/pump/silver__pump__feature_registry.json', 'quality_info': {'total_rows': 220320, 'total_columns': 85, 'duplicate_row_count': 0, 'duplicate_event_id_count': 0, 'numeric_feature_count': 50, 'top_numeric_missingness_percent': {'sensor_51': 6.982116920842412, 'sensor_00': 4.633260711692085, 'sensor_07': 2.474128540305011, 'sensor_08': 2.3179920116194626, 'sensor_06': 2.177741466957153, 'sensor_09': 2.0856027596223674, 'sensor_01': 0.16748366013071894, 'sensor_30': 0.1184640522875817, 'sensor_29': 0.0326797385620915, 'sensor_32': 0.030864197530864196, 'sensor_17': 0.020878721859114015, 'sensor_18': 0.020878721859114015, 'sensor_22': 0.018609295570079884, 'sensor_25': 0.01633986928104575, 'sensor_16': 0.014070442992011621, 'sensor_38': 0.012254901960784314, 'sensor_39': 0.012254901960784314, 'sensor_40': 0.012254901960784314, 'sensor_41': 0.012254901960784314, 'sensor_42': 0.012254901960784314, 'sensor_43': 0.012254901960784314, 'sensor_44': 0.012254901960784314, 'sensor_45': 0.012254901960784314, 'sensor_46': 0.012254901960784314, 'sensor_47': 0.012254901960784314}, 'anomaly_rate_percent': 6.5740740740740735, 'anomaly_counts': {'0': 205836, '1': 14484}}, 'feature_set_id': 'feature_set__bea5fdd737ae53fcd80ca84cafcd0c40', 'feature_count': 50, 'shape': {'rows': 220320, 'cols': 85}}}
2026-03-01 04:18:41,939 | INFO | capstone.silver | Shape: (220320, 85)
2026-03-01 04:18:41,941 | INFO | capstone.silver | Memory (MB): 374.37
2026-03-01 04:18:41,944 | INFO | capstone.silver | Dtypes:
meta__asset_id                                         object
meta__cleaning_recipe_id                               object
meta__dataset                                        category
meta__dataset_name                                     object
meta__dataset_source                                   object
meta__event_id                                         object
meta__event_time_parse_success_percent                float64
meta__event_time_source                                object
meta__feature_count                                     int64
meta__feature_set_id                                   object
meta__has_label_candidates                              int64
meta__has_status_candidates                             int64
meta__ingested_at_utc                     datetime64[us, UTC]
meta__label_source                             string[python]
meta__label_source_column                              object
meta__label_source_kind                                object
meta__label_type                               string[python]
meta__layer                                            object
meta__processed_at_utc                    datetime64[us, UTC]
meta__record_id                                        uint64
meta__run_id                                           object
meta__silver_version                                   object
meta__source_file                              string[python]
meta__source_row_id                                     int64
meta__split                                          category
event_time                                datetime64[ns, UTC]
event_step                                              int64
time_index                                              int64
event_date                                datetime64[ns, UTC]
anomaly_flag                                            int64
is_anomaly                                              int64
is_normal                                               int64
status_normal_value                                    object
sensor_00                                             float64
sensor_01                                             float64
sensor_02                                             float64
sensor_03                                             float64
sensor_04                                             float64
sensor_05                                             float64
sensor_06                                             float64
sensor_07                                             float64
sensor_08                                             float64
sensor_09                                             float64
sensor_10                                             float64
sensor_11                                             float64
sensor_12                                             float64
sensor_13                                             float64
sensor_14                                             float64
sensor_16                                             float64
sensor_17                                             float64
sensor_18                                             float64
sensor_19                                             float64
sensor_20                                             float64
sensor_21                                             float64
sensor_22                                             float64
sensor_23                                             float64
sensor_24                                             float64
sensor_25                                             float64
sensor_26                                             float64
sensor_27                                             float64
sensor_28                                             float64
sensor_29                                             float64
sensor_30                                             float64
sensor_31                                             float64
sensor_32                                             float64
sensor_33                                             float64
sensor_34                                             float64
sensor_35                                             float64
sensor_36                                             float64
sensor_37                                             float64
sensor_38                                             float64
sensor_39                                             float64
sensor_40                                             float64
sensor_41                                             float64
sensor_42                                             float64
sensor_43                                             float64
sensor_44                                             float64
sensor_45                                             float64
sensor_46                                             float64
sensor_47                                             float64
sensor_48                                             float64
sensor_49                                             float64
sensor_51                                             float64
timestamp                                              object
machine_status                                         object
2026-03-01 04:18:41,968 | INFO | capstone.silver | Head(15):
   meta__asset_id                meta__cleaning_recipe_id meta__dataset meta__dataset_name meta__dataset_source               meta__event_id  meta__event_time_parse_success_percent meta__event_time_source  meta__feature_count                           meta__feature_set_id  meta__has_label_candidates  meta__has_status_candidates            meta__ingested_at_utc meta__label_source meta__label_source_column meta__label_source_kind meta__label_type meta__layer           meta__processed_at_utc       meta__record_id  ... sensor_33 sensor_34 sensor_35  sensor_36  sensor_37 sensor_38  sensor_39  sensor_40  sensor_41  sensor_42  sensor_43  sensor_44 sensor_45  sensor_46  sensor_47  sensor_48  sensor_49  sensor_51            timestamp  machine_status
0      asset__001  silver__clean__dataset__agnostic__v001          pump               pump        meta__dataset   pump:asset__001:run__001:0                                   100.0               timestamp                   50  feature_set__bea5fdd737ae53fcd80ca84cafcd0c40                           0                            1 2026-03-01 03:54:51.311816+00:00               <NA>            machine_status                  status             <NA>      silver 2026-03-01 04:18:23.781532+00:00  14598431322315673869  ...  433.7037  171.9375  341.9039   195.0655   90.32386  40.36458   31.51042   70.57291  30.989580  31.770832   41.92708  39.641200  65.68287   50.92593  38.194440   157.9861   67.70834   201.3889  2018-04-01 00:00:00          NORMAL
1      asset__001  silver__clean__dataset__agnostic__v001          pump               pump        meta__dataset   pump:asset__001:run__001:1                                   100.0               timestamp                   50  feature_set__bea5fdd737ae53fcd80ca84cafcd0c40                           0                            1 2026-03-01 03:54:51.311816+00:00               <NA>            machine_status                  status             <NA>      silver 2026-03-01 04:18:23.781532+00:00  15954729095895098000  ...  433.7037  171.9375  341.9039   195.0655   90.32386  40.36458   31.51042   70.57291  30.989580  31.770832   41.92708  39.641200  65.68287   50.92593  38.194440   157.9861   67.70834   201.3889  2018-04-01 00:01:00          NORMAL
2      asset__001  silver__clean__dataset__agnostic__v001          pump               pump        meta__dataset   pump:asset__001:run__001:2                                   100.0               timestamp                   50  feature_set__bea5fdd737ae53fcd80ca84cafcd0c40                           0                            1 2026-03-01 03:54:51.311816+00:00               <NA>            machine_status                  status             <NA>      silver 2026-03-01 04:18:23.781532+00:00  10041703297090838359  ...  441.2635  169.9820  343.1955   200.9694   93.90508  41.40625   31.25000   69.53125  30.468750  31.770830   41.66666  39.351852  65.39352   51.21528  38.194443   155.9606   67.12963   203.7037  2018-04-01 00:02:00          NORMAL
3      asset__001  silver__clean__dataset__agnostic__v001          pump               pump        meta__dataset   pump:asset__001:run__001:3                                   100.0               timestamp                   50  feature_set__bea5fdd737ae53fcd80ca84cafcd0c40                           0                            1 2026-03-01 03:54:51.311816+00:00               <NA>            machine_status                  status             <NA>      silver 2026-03-01 04:18:23.781532+00:00   2072036352569063261  ...  446.2493  166.4987  343.9586   193.1689  101.04060  41.92708   31.51042   72.13541  30.468750  31.510420   40.88541  39.062500  64.81481   51.21528  38.194440   155.9606   66.84028   203.1250  2018-04-01 00:03:00          NORMAL
4      asset__001  silver__clean__dataset__agnostic__v001          pump               pump        meta__dataset   pump:asset__001:run__001:4                                   100.0               timestamp                   50  feature_set__bea5fdd737ae53fcd80ca84cafcd0c40                           0                            1 2026-03-01 03:54:51.311816+00:00               <NA>            machine_status                  status             <NA>      silver 2026-03-01 04:18:23.781532+00:00   4365040424004714369  ...  433.9081  164.7498  339.9630   193.8770  101.70380  42.70833   31.51042   76.82291  30.989580  31.510420   41.40625  38.773150  65.10416   51.79398  38.773150   158.2755   66.55093   201.3889  2018-04-01 00:04:00          NORMAL
5      asset__001  silver__clean__dataset__agnostic__v001          pump               pump        meta__dataset   pump:asset__001:run__001:5                                   100.0               timestamp                   50  feature_set__bea5fdd737ae53fcd80ca84cafcd0c40                           0                            1 2026-03-01 03:54:51.311816+00:00               <NA>            machine_status                  status             <NA>      silver 2026-03-01 04:18:23.781532+00:00  13731207034657248969  ...  438.6517  162.8758  333.7975   196.4579   90.84048  42.70833   31.77083   79.94791  30.989580  31.250000   42.70833  38.773150  63.65741   51.79398  38.773150   164.6412   66.55093   201.6782  2018-04-01 00:05:00          NORMAL
6      asset__001  silver__clean__dataset__agnostic__v001          pump               pump        meta__dataset   pump:asset__001:run__001:6                                   100.0               timestamp                   50  feature_set__bea5fdd737ae53fcd80ca84cafcd0c40                           0                            1 2026-03-01 03:54:51.311816+00:00               <NA>            machine_status                  status             <NA>      silver 2026-03-01 04:18:23.781532+00:00   7206199315957152377  ...  433.5065  161.9678  330.3747   194.0652   89.23161  42.70833   32.29166   79.94791  31.250000  31.510420   43.22916  38.194440  61.92130   51.79398  39.062500   171.8750   67.70834   200.2315  2018-04-01 00:06:00          NORMAL
7      asset__001  silver__clean__dataset__agnostic__v001          pump               pump        meta__dataset   pump:asset__001:run__001:7                                   100.0               timestamp                   50  feature_set__bea5fdd737ae53fcd80ca84cafcd0c40                           0                            1 2026-03-01 03:54:51.311816+00:00               <NA>            machine_status                  status             <NA>      silver 2026-03-01 04:18:23.781532+00:00  11632940467161475457  ...  451.6564  162.8504  327.9788   196.9991   87.68256  42.96875   32.55208   78.38541  30.989580  31.510416   42.96875  38.194443  59.60648   50.92593  39.351850   178.5301   68.57639   201.0995  2018-04-01 00:07:00          NORMAL
8      asset__001  silver__clean__dataset__agnostic__v001          pump               pump        meta__dataset   pump:asset__001:run__001:8                                   100.0               timestamp                   50  feature_set__bea5fdd737ae53fcd80ca84cafcd0c40                           0                            1 2026-03-01 03:54:51.311816+00:00               <NA>            machine_status                  status             <NA>      silver 2026-03-01 04:18:23.781532+00:00   4003627476009805685  ...  439.8698  155.7845  316.8784   197.1554   89.55923  42.70833   32.55208   75.52083  30.989582  31.510416   42.18750  38.194440  57.87037   50.63657  39.351850   182.0023   69.44444   201.6782  2018-04-01 00:08:00          NORMAL
9      asset__001  silver__clean__dataset__agnostic__v001          pump               pump        meta__dataset   pump:asset__001:run__001:9                                   100.0               timestamp                   50  feature_set__bea5fdd737ae53fcd80ca84cafcd0c40                           0                            1 2026-03-01 03:54:51.311816+00:00               <NA>            machine_status                  status             <NA>      silver 2026-03-01 04:18:23.781532+00:00  12843418223340544546  ...  445.2378  153.0564  313.2721   195.0570   98.83604  42.70833   32.55208   73.43750  30.989582  31.510416   41.66666  39.062500  56.42361   50.63657  39.062500   186.6319   69.73380   200.8102  2018-04-01 00:09:00          NORMAL
10     asset__001  silver__clean__dataset__agnostic__v001          pump               pump        meta__dataset  pump:asset__001:run__001:10                                   100.0               timestamp                   50  feature_set__bea5fdd737ae53fcd80ca84cafcd0c40                           0                            1 2026-03-01 03:54:51.311816+00:00               <NA>            machine_status                  status             <NA>      silver 2026-03-01 04:18:23.781532+00:00  12764708609319381380  ...  460.4902  154.8265  320.0443   192.2992   89.76776  42.70833   32.55208   75.52083  30.989580  31.510416   41.40625  39.351850  54.97685   50.92593  39.351850   190.9722   71.18056   199.9421  2018-04-01 00:10:00          NORMAL
11     asset__001  silver__clean__dataset__agnostic__v001          pump               pump        meta__dataset  pump:asset__001:run__001:11                                   100.0               timestamp                   50  feature_set__bea5fdd737ae53fcd80ca84cafcd0c40                           0                            1 2026-03-01 03:54:51.311816+00:00               <NA>            machine_status                  status             <NA>      silver 2026-03-01 04:18:23.781532+00:00  17692035958682023704  ...  455.9620  159.5647  322.6265   192.3656   94.38536  42.96875   32.29166   78.12500  30.468750  31.510416   41.66666  39.351852  53.81944   51.21528  39.062500   193.5764   72.33796   200.2315  2018-04-01 00:11:00          NORMAL
12     asset__001  silver__clean__dataset__agnostic__v001          pump               pump        meta__dataset  pump:asset__001:run__001:12                                   100.0               timestamp                   50  feature_set__bea5fdd737ae53fcd80ca84cafcd0c40                           0                            1 2026-03-01 03:54:51.311816+00:00               <NA>            machine_status                  status             <NA>      silver 2026-03-01 04:18:23.781532+00:00   9921446699215930665  ...  453.1859  161.3954  326.8734   190.6639   95.85509  42.18750   31.77083   78.64583  30.468748  31.510416   42.70833  39.351850  53.24074   50.92593  39.062500   195.6019   72.33796   202.2569  2018-04-01 00:12:00          NORMAL
13     asset__001  silver__clean__dataset__agnostic__v001          pump               pump        meta__dataset  pump:asset__001:run__001:13                                   100.0               timestamp                   50  feature_set__bea5fdd737ae53fcd80ca84cafcd0c40                           0                            1 2026-03-01 03:54:51.311816+00:00               <NA>            machine_status                  status             <NA>      silver 2026-03-01 04:18:23.781532+00:00   9345101619896030940  ...  461.3610  163.0176  329.4678   193.9231   85.18916  42.70833   30.98958   77.08333  30.468748  31.510416   42.70833  40.509260  53.81944   50.63657  39.062500   196.4699   72.91666   202.8356  2018-04-01 00:13:00          NORMAL
14     asset__001  silver__clean__dataset__agnostic__v001          pump               pump        meta__dataset  pump:asset__001:run__001:14                                   100.0               timestamp                   50  feature_set__bea5fdd737ae53fcd80ca84cafcd0c40                           0                            1 2026-03-01 03:54:51.311816+00:00               <NA>            machine_status                  status             <NA>      silver 2026-03-01 04:18:23.781532+00:00  12574828447392710356  ...  454.1698  165.0171  332.3613   198.3440   81.58781  44.01041   30.46875   74.47916  30.468750  31.510416   42.18750  41.666670  53.53009   50.34722  39.062500   205.4398   72.91666   201.0995  2018-04-01 00:14:00          NORMAL
2026-03-01 04:18:43,409 | INFO | capstone.silver | No boolean columns to describe; skipping.
2026-03-01 04:18:43,411 | INFO | capstone.silver | Saved describe artifacts to: /workspace/artifacts/silver
