2026-03-01 04:33:33,012 | INFO | capstone.silver_eda | Silver EDA stage starting
2026-03-01 04:33:33,014 | INFO | capstone.silver_eda | Project Root Path Loaded: /workspace
2026-03-01 04:33:33,016 | INFO | capstone.silver_eda | Project Logging Path Loaded: /workspace/logs
2026-03-01 04:33:33,018 | INFO | capstone.silver_eda | Project Artifacts Path Loaded: /workspace/artifacts
2026-03-01 04:33:33,019 | INFO | capstone.silver_eda | Project Notebooks Path Loaded /workspace/notebooks
2026-03-01 04:33:33,020 | INFO | capstone.silver_eda | Project Data Path Loaded: /workspace/data
2026-03-01 04:33:33,021 | INFO | capstone.silver_eda | Data Bronze Path Loaded: /workspace/data/bronze
2026-03-01 04:33:33,023 | INFO | capstone.silver_eda | Data Bronze Training Path Loaded: /workspace/data/bronze/train
2026-03-01 04:33:33,025 | INFO | capstone.silver_eda | Data Bronze Testing Path Loaded: /workspace/data/bronze/test
2026-03-01 04:33:33,026 | INFO | capstone.silver_eda | Data Silver Path Loaded: /workspace/data/silver
2026-03-01 04:33:33,027 | INFO | capstone.silver_eda | Data Silver Training Path Loaded: /workspace/data/silver/train
2026-03-01 04:33:33,028 | INFO | capstone.silver_eda | Data Silver Testing Path Loaded: /workspace/data/silver/test
2026-03-01 04:33:36,593 | INFO | capstone.silver_eda | W&B initialized: silver_eda__001
2026-03-01 04:33:37,309 | INFO | capstone.silver_eda | LEDGER | {'ts_utc': '2026-03-01T04:33:37.309636+00:00', 'stage': 'silver_eda', 'recipe': 'silver_eda__v001', 'kind': 'step', 'step': 'init', 'message': 'Initialized ledger', 'why': None, 'consequence': None, 'data': {}}
2026-03-01 04:33:37,973 | INFO | capstone.file_io | Loading Parquet: /workspace/data/silver/train/pump__silver__train.parquet
2026-03-01 04:33:38,912 | INFO | capstone.silver_eda | Loaded Silver: /workspace/data/silver/train/pump__silver__train.parquet | shape=(220320, 85)
2026-03-01 04:33:38,915 | INFO | capstone.silver_eda | LEDGER | {'ts_utc': '2026-03-01T04:33:38.915849+00:00', 'stage': 'silver_eda', 'recipe': 'silver_eda__v001', 'kind': 'step', 'step': 'load_silver', 'message': 'Loaded Silver Parquet', 'why': 'Silver must be derived from reprodicible Silver Artifact', 'consequence': 'All silver outputs trace back to this file', 'data': {'silver_path': '/workspace/data/silver/train/pump__silver__train.parquet', 'shape': [220320, 85], 'cols': 85}}
2026-03-01 04:35:44,506 | INFO | capstone.file_io | Loading JSON: /workspace/artifacts/silver/pump/silver__pump__feature_registry.json
2026-03-01 04:35:44,518 | INFO | capstone.silver_eda | Loaded Silver Feature Registry: /workspace/artifacts/silver/pump/silver__pump__feature_registry.json
2026-03-01 04:35:44,521 | INFO | capstone.silver_eda | LEDGER | {'ts_utc': '2026-03-01T04:35:44.521453+00:00', 'stage': 'silver_eda', 'recipe': 'silver_eda__v001', 'kind': 'step', 'step': 'load_silver_feature_registry', 'message': 'Loaded Silver Feature Registry Json File', 'why': 'Silver Features Registry must be derived from reprodicible Silver Artifact', 'consequence': 'All silver outputs trace back to this file', 'data': {'feature_registry_path': '/workspace/artifacts/silver/pump/silver__pump__feature_registry.json', 'keys': 13}}
2026-03-01 04:35:52,655 | INFO | capstone.silver_eda | Overview: {'rows': 220320, 'cols': 85, 'required_present': {'anomaly_flag': True, 'event_step': True, 'time_index': True, 'meta__asset_id': True, 'meta__run_id': True}}
2026-03-01 04:35:52,679 | INFO | capstone.file_io | Saved JSON: /workspace/artifacts/silver_eda/pump/silver_eda__overview.json
2026-03-01 04:35:55,404 | INFO | capstone.file_io | Saved JSON: /workspace/artifacts/silver_eda/pump/duplicates__summary.json
2026-03-01 04:36:33,048 | INFO | capstone.silver_eda | Anomaly onsets found: 7
2026-03-01 04:53:25,142 | INFO | capstone.silver_eda | Silver EDA stage starting
2026-03-01 04:53:25,145 | INFO | capstone.silver_eda | Project Root Path Loaded: /workspace
2026-03-01 04:53:25,148 | INFO | capstone.silver_eda | Project Logging Path Loaded: /workspace/logs
2026-03-01 04:53:25,151 | INFO | capstone.silver_eda | Project Artifacts Path Loaded: /workspace/artifacts
2026-03-01 04:53:25,153 | INFO | capstone.silver_eda | Project Notebooks Path Loaded /workspace/notebooks
2026-03-01 04:53:25,155 | INFO | capstone.silver_eda | Project Data Path Loaded: /workspace/data
2026-03-01 04:53:25,157 | INFO | capstone.silver_eda | Data Bronze Path Loaded: /workspace/data/bronze
2026-03-01 04:53:25,161 | INFO | capstone.silver_eda | Data Bronze Training Path Loaded: /workspace/data/bronze/train
2026-03-01 04:53:25,164 | INFO | capstone.silver_eda | Data Bronze Testing Path Loaded: /workspace/data/bronze/test
2026-03-01 04:53:25,165 | INFO | capstone.silver_eda | Data Silver Path Loaded: /workspace/data/silver
2026-03-01 04:53:25,167 | INFO | capstone.silver_eda | Data Silver Training Path Loaded: /workspace/data/silver/train
2026-03-01 04:53:25,172 | INFO | capstone.silver_eda | Data Silver Testing Path Loaded: /workspace/data/silver/test
2026-03-01 04:53:33,003 | INFO | capstone.silver_eda | W&B initialized: silver_eda__001
2026-03-01 04:53:33,026 | INFO | capstone.silver_eda | LEDGER | {'ts_utc': '2026-03-01T04:53:33.026275+00:00', 'stage': 'silver_eda', 'recipe': 'silver_eda__v001', 'kind': 'step', 'step': 'init', 'message': 'Initialized ledger', 'why': None, 'consequence': None, 'data': {}}
2026-03-01 04:53:33,086 | INFO | capstone.file_io | Loading Parquet: /workspace/data/silver/train/pump__silver__train.parquet
2026-03-01 04:53:33,995 | INFO | capstone.silver_eda | Loaded Silver: /workspace/data/silver/train/pump__silver__train.parquet | shape=(220320, 85)
2026-03-01 04:53:33,997 | INFO | capstone.silver_eda | LEDGER | {'ts_utc': '2026-03-01T04:53:33.997286+00:00', 'stage': 'silver_eda', 'recipe': 'silver_eda__v001', 'kind': 'step', 'step': 'load_silver', 'message': 'Loaded Silver Parquet', 'why': 'Silver must be derived from reprodicible Silver Artifact', 'consequence': 'All silver outputs trace back to this file', 'data': {'silver_path': '/workspace/data/silver/train/pump__silver__train.parquet', 'shape': [220320, 85], 'cols': 85}}
2026-03-01 04:53:35,000 | INFO | capstone.file_io | Loading JSON: /workspace/artifacts/silver/pump/silver__pump__feature_registry.json
2026-03-01 04:53:35,012 | INFO | capstone.silver_eda | Loaded Silver Feature Registry: /workspace/artifacts/silver/pump/silver__pump__feature_registry.json
2026-03-01 04:53:35,015 | INFO | capstone.silver_eda | LEDGER | {'ts_utc': '2026-03-01T04:53:35.015711+00:00', 'stage': 'silver_eda', 'recipe': 'silver_eda__v001', 'kind': 'step', 'step': 'load_silver_feature_registry', 'message': 'Loaded Silver Feature Registry Json File', 'why': 'Silver Features Registry must be derived from reprodicible Silver Artifact', 'consequence': 'All silver outputs trace back to this file', 'data': {'feature_registry_path': '/workspace/artifacts/silver/pump/silver__pump__feature_registry.json', 'keys': 13}}
2026-03-01 04:53:35,117 | INFO | capstone.silver_eda | Overview: {'rows': 220320, 'cols': 85, 'required_present': {'anomaly_flag': True, 'event_step': True, 'time_index': True, 'meta__asset_id': True, 'meta__run_id': True}}
2026-03-01 04:53:35,142 | INFO | capstone.file_io | Saved JSON: /workspace/artifacts/silver_eda/pump/silver_eda__overview.json
2026-03-01 04:53:36,310 | INFO | capstone.file_io | Saved JSON: /workspace/artifacts/silver_eda/pump/duplicates__summary.json
2026-03-01 04:54:05,072 | INFO | capstone.silver_eda | Anomaly onsets found: 7
2026-03-01 04:54:24,182 | INFO | capstone.silver_eda | LEDGER | {'ts_utc': '2026-03-01T04:54:24.182449+00:00', 'stage': 'silver_eda', 'recipe': 'silver_eda__v001', 'kind': 'step', 'step': 'pca_2d_projection', 'message': 'Computed PCA(2) projection for separation check.', 'why': None, 'consequence': None, 'data': {'numeric_feature_count': 50, 'rows_used': 8000, 'scaler': 'RobustScaler', 'explained_variance_ratio': [0.8520313514930179, 0.11306601074922507], 'pca_table_path': '/workspace/artifacts/silver_eda/pump/pca_2d__table.csv', 'pca_plot_path': '/workspace/artifacts/silver_eda/pump/pca_2d__scatter.png'}}
2026-03-01 04:54:24,777 | INFO | capstone.file_io | Saved JSON: /workspace/artifacts/silver_eda/pump/imputation__recommendation.json
2026-03-01 04:54:24,801 | INFO | capstone.silver_eda | LEDGER | {'ts_utc': '2026-03-01T04:54:24.801486+00:00', 'stage': 'silver_eda', 'recipe': 'silver_eda__v001', 'kind': 'decision', 'step': 'imputation_recommendation', 'message': 'Compared basic imputation strategies and recorded recommendation for Gold layer.', 'why': None, 'consequence': None, 'data': {'recommendation': 'forward_fill_within_group_then_median', 'reason': 'Dataset has (asset,run) grouping and event_step ordering; forward fill preserves short gaps in time series while median handles leading gaps and long missing runs.', 'has_grouping_columns': True, 'has_event_step': True, 'comparison_csv': '/workspace/artifacts/silver_eda/pump/imputation__comparison.csv'}}
2026-03-01 04:54:24,832 | INFO | capstone.silver_eda | LEDGER | {'ts_utc': '2026-03-01T04:54:24.832275+00:00', 'stage': 'silver_eda', 'recipe': 'silver_eda__v001', 'kind': 'step', 'step': 'finalize', 'message': 'Saved Silver EDA ledger and finalized W&B run.', 'why': None, 'consequence': None, 'data': {'ledger_path': '/workspace/artifacts/silver_eda/pump/ledger__pump__silver_eda.json'}}
2026-03-03 21:57:03,755 | INFO | capstone.silver_eda | Silver EDA stage starting
2026-03-03 21:57:03,757 | INFO | capstone.silver_eda | Project Root Path Loaded: /workspace
2026-03-03 21:57:03,758 | INFO | capstone.silver_eda | Project Logging Path Loaded: /workspace/logs
2026-03-03 21:57:03,760 | INFO | capstone.silver_eda | Project Artifacts Path Loaded: /workspace/artifacts
2026-03-03 21:57:03,761 | INFO | capstone.silver_eda | Project Notebooks Path Loaded /workspace/notebooks
2026-03-03 21:57:03,762 | INFO | capstone.silver_eda | Project Data Path Loaded: /workspace/data
2026-03-03 21:57:03,764 | INFO | capstone.silver_eda | Data Bronze Path Loaded: /workspace/data/bronze
2026-03-03 21:57:03,765 | INFO | capstone.silver_eda | Data Bronze Training Path Loaded: /workspace/data/bronze/train
2026-03-03 21:57:03,767 | INFO | capstone.silver_eda | Data Bronze Testing Path Loaded: /workspace/data/bronze/test
2026-03-03 21:57:03,770 | INFO | capstone.silver_eda | Data Silver Path Loaded: /workspace/data/silver
2026-03-03 21:57:03,771 | INFO | capstone.silver_eda | Data Silver Training Path Loaded: /workspace/data/silver/train
2026-03-03 21:57:03,773 | INFO | capstone.silver_eda | Data Silver Testing Path Loaded: /workspace/data/silver/test
2026-03-03 21:57:08,367 | INFO | capstone.silver_eda | W&B initialized: silver_eda__001
2026-03-03 21:57:09,099 | INFO | capstone.silver_eda | LEDGER | {'ts_utc': '2026-03-03T21:57:09.099107+00:00', 'stage': 'silver_eda', 'recipe': 'silver_eda__v001', 'kind': 'step', 'step': 'init', 'message': 'Initialized ledger', 'why': None, 'consequence': None, 'data': {}}
2026-03-03 21:57:09,819 | INFO | capstone.file_io | Loading Parquet: /workspace/data/silver/train/pump__silver__train.parquet
2026-03-03 21:57:11,051 | INFO | capstone.silver_eda | Loaded Silver: /workspace/data/silver/train/pump__silver__train.parquet | shape=(220320, 85)
2026-03-03 21:57:11,054 | INFO | capstone.silver_eda | LEDGER | {'ts_utc': '2026-03-03T21:57:11.054873+00:00', 'stage': 'silver_eda', 'recipe': 'silver_eda__v001', 'kind': 'step', 'step': 'load_silver', 'message': 'Loaded Silver Parquet', 'why': 'Silver must be derived from reprodicible Silver Artifact', 'consequence': 'All silver outputs trace back to this file', 'data': {'silver_path': '/workspace/data/silver/train/pump__silver__train.parquet', 'shape': [220320, 85], 'cols': 85}}
2026-03-03 21:57:13,977 | INFO | capstone.file_io | Loading JSON: /workspace/artifacts/silver/pump/pump__silver__feature_registry.json
2026-03-03 21:57:13,989 | INFO | capstone.silver_eda | Loaded Silver Feature Registry: /workspace/artifacts/silver/pump/pump__silver__feature_registry.json
2026-03-03 21:57:13,993 | INFO | capstone.silver_eda | LEDGER | {'ts_utc': '2026-03-03T21:57:13.993829+00:00', 'stage': 'silver_eda', 'recipe': 'silver_eda__v001', 'kind': 'step', 'step': 'load_silver_feature_registry', 'message': 'Loaded Silver Feature Registry Json File', 'why': 'Silver Features Registry must be derived from reprodicible Silver Artifact', 'consequence': 'All silver outputs trace back to this file', 'data': {'feature_registry_path': '/workspace/artifacts/silver/pump/pump__silver__feature_registry.json', 'keys': 13}}
2026-03-03 21:57:18,626 | INFO | capstone.silver_eda | Overview: {'rows': 220320, 'cols': 85, 'required_present': {'anomaly_flag': True, 'event_step': True, 'time_index': True, 'meta__asset_id': True, 'meta__run_id': True}}
2026-03-03 21:57:18,877 | INFO | capstone.file_io | Saved JSON: /workspace/artifacts/silver_eda/pump/silver_eda__overview.json
2026-03-03 21:57:22,379 | INFO | capstone.file_io | Saved JSON: /workspace/artifacts/silver_eda/pump/duplicates__summary.json
2026-03-03 21:58:58,858 | INFO | capstone.silver_eda | Anomaly onsets found: 7
2026-03-03 21:59:18,373 | INFO | capstone.silver_eda | LEDGER | {'ts_utc': '2026-03-03T21:59:18.373691+00:00', 'stage': 'silver_eda', 'recipe': 'silver_eda__v001', 'kind': 'step', 'step': 'pca_2d_projection', 'message': 'Computed PCA(2) projection for separation check.', 'why': None, 'consequence': None, 'data': {'numeric_feature_count': 50, 'rows_used': 8000, 'scaler': 'RobustScaler', 'explained_variance_ratio': [0.8520313514930179, 0.11306601074922507], 'pca_table_path': '/workspace/artifacts/silver_eda/pump/pca_2d__table.csv', 'pca_plot_path': '/workspace/artifacts/silver_eda/pump/pca_2d__scatter.png'}}
2026-03-03 21:59:19,744 | INFO | capstone.file_io | Saved JSON: /workspace/artifacts/silver_eda/pump/imputation__recommendation.json
2026-03-03 21:59:19,769 | INFO | capstone.silver_eda | LEDGER | {'ts_utc': '2026-03-03T21:59:19.769407+00:00', 'stage': 'silver_eda', 'recipe': 'silver_eda__v001', 'kind': 'decision', 'step': 'imputation_recommendation', 'message': 'Compared basic imputation strategies and recorded recommendation for Gold layer.', 'why': None, 'consequence': None, 'data': {'recommendation': 'forward_fill_within_group_then_median', 'reason': 'Dataset has (asset,run) grouping and event_step ordering; forward fill preserves short gaps in time series while median handles leading gaps and long missing runs.', 'has_grouping_columns': True, 'has_event_step': True, 'comparison_csv': '/workspace/artifacts/silver_eda/pump/imputation__comparison.csv'}}
2026-03-03 21:59:23,198 | INFO | capstone.silver_eda | LEDGER | {'ts_utc': '2026-03-03T21:59:23.198462+00:00', 'stage': 'silver_eda', 'recipe': 'silver_eda__v001', 'kind': 'step', 'step': 'finalize', 'message': 'Saved Silver EDA ledger and finalized W&B run.', 'why': None, 'consequence': None, 'data': {'ledger_path': '/workspace/artifacts/silver_eda/pump/ledger__pump__silver_eda.json'}}
2026-03-04 00:33:02,005 | INFO | capstone.silver_eda | Silver EDA stage starting
2026-03-04 00:33:02,006 | INFO | capstone.silver_eda | Project Root Path Loaded: /workspace
2026-03-04 00:33:02,008 | INFO | capstone.silver_eda | Project Logging Path Loaded: /workspace/logs
2026-03-04 00:33:02,010 | INFO | capstone.silver_eda | Project Artifacts Path Loaded: /workspace/artifacts
2026-03-04 00:33:02,012 | INFO | capstone.silver_eda | Project Notebooks Path Loaded /workspace/notebooks
2026-03-04 00:33:02,013 | INFO | capstone.silver_eda | Project Data Path Loaded: /workspace/data
2026-03-04 00:33:02,014 | INFO | capstone.silver_eda | Data Bronze Path Loaded: /workspace/data/bronze
2026-03-04 00:33:02,015 | INFO | capstone.silver_eda | Data Bronze Training Path Loaded: /workspace/data/bronze/train
2026-03-04 00:33:02,017 | INFO | capstone.silver_eda | Data Bronze Testing Path Loaded: /workspace/data/bronze/test
2026-03-04 00:33:02,019 | INFO | capstone.silver_eda | Data Silver Path Loaded: /workspace/data/silver
2026-03-04 00:33:02,022 | INFO | capstone.silver_eda | Data Silver Training Path Loaded: /workspace/data/silver/train
2026-03-04 00:33:02,024 | INFO | capstone.silver_eda | Data Silver Testing Path Loaded: /workspace/data/silver/test
2026-03-04 00:33:03,678 | INFO | capstone.silver_eda | W&B initialized: silver_eda__001
2026-03-04 00:33:04,362 | INFO | capstone.silver_eda | LEDGER | {'ts_utc': '2026-03-04T00:33:04.362493+00:00', 'stage': 'silver_eda', 'recipe': 'silver_eda__v001', 'kind': 'step', 'step': 'init', 'message': 'Initialized ledger', 'why': None, 'consequence': None, 'data': {}}
2026-03-04 00:33:05,335 | INFO | capstone.file_io | Loading Parquet: /workspace/data/silver/train/pump__silver__train.parquet
2026-03-04 00:33:06,253 | INFO | capstone.silver_eda | Loaded Silver: /workspace/data/silver/train/pump__silver__train.parquet | shape=(220320, 85)
2026-03-04 00:33:06,256 | INFO | capstone.silver_eda | LEDGER | {'ts_utc': '2026-03-04T00:33:06.256628+00:00', 'stage': 'silver_eda', 'recipe': 'silver_eda__v001', 'kind': 'step', 'step': 'load_silver', 'message': 'Loaded Silver Parquet', 'why': 'Silver must be derived from reprodicible Silver Artifact', 'consequence': 'All silver outputs trace back to this file', 'data': {'silver_path': '/workspace/data/silver/train/pump__silver__train.parquet', 'shape': [220320, 85], 'cols': 85}}
2026-03-04 00:33:08,981 | INFO | capstone.file_io | Loading JSON: /workspace/artifacts/silver/pump/pump__silver__feature_registry.json
2026-03-04 00:33:08,990 | INFO | capstone.silver_eda | Loaded Silver Feature Registry: /workspace/artifacts/silver/pump/pump__silver__feature_registry.json
2026-03-04 00:33:08,993 | INFO | capstone.silver_eda | LEDGER | {'ts_utc': '2026-03-04T00:33:08.993804+00:00', 'stage': 'silver_eda', 'recipe': 'silver_eda__v001', 'kind': 'step', 'step': 'load_silver_feature_registry', 'message': 'Loaded Silver Feature Registry Json File', 'why': 'Silver Features Registry must be derived from reprodicible Silver Artifact', 'consequence': 'All silver outputs trace back to this file', 'data': {'feature_registry_path': '/workspace/artifacts/silver/pump/pump__silver__feature_registry.json', 'keys': 13}}
2026-03-04 00:33:10,430 | INFO | capstone.silver_eda | Overview: {'rows': 220320, 'cols': 85, 'required_present': {'anomaly_flag': True, 'event_step': True, 'time_index': True, 'meta__asset_id': True, 'meta__run_id': True}}
2026-03-04 00:33:10,606 | INFO | capstone.file_io | Saved JSON: /workspace/artifacts/silver_eda/pump/silver_eda__overview.json
2026-03-04 00:33:13,519 | INFO | capstone.file_io | Saved JSON: /workspace/artifacts/silver_eda/pump/duplicates__summary.json
2026-03-04 00:34:50,249 | INFO | capstone.silver_eda | Anomaly onsets found: 7
2026-03-04 00:35:11,175 | INFO | capstone.silver_eda | LEDGER | {'ts_utc': '2026-03-04T00:35:11.175197+00:00', 'stage': 'silver_eda', 'recipe': 'silver_eda__v001', 'kind': 'step', 'step': 'pca_2d_projection', 'message': 'Computed PCA(2) projection for separation check.', 'why': None, 'consequence': None, 'data': {'numeric_feature_count': 50, 'rows_used': 8000, 'scaler': 'RobustScaler', 'explained_variance_ratio': [0.8520313514930179, 0.11306601074922507], 'pca_table_path': '/workspace/artifacts/silver_eda/pump/pca_2d__table.csv', 'pca_plot_path': '/workspace/artifacts/silver_eda/pump/pca_2d__scatter.png'}}
2026-03-04 00:35:12,570 | INFO | capstone.file_io | Saved JSON: /workspace/artifacts/silver_eda/pump/imputation__recommendation.json
2026-03-04 00:35:12,601 | INFO | capstone.silver_eda | LEDGER | {'ts_utc': '2026-03-04T00:35:12.601072+00:00', 'stage': 'silver_eda', 'recipe': 'silver_eda__v001', 'kind': 'decision', 'step': 'imputation_recommendation', 'message': 'Compared basic imputation strategies and recorded recommendation for Gold layer.', 'why': None, 'consequence': None, 'data': {'recommendation': 'forward_fill_within_group_then_median', 'reason': 'Dataset has (asset,run) grouping and event_step ordering; forward fill preserves short gaps in time series while median handles leading gaps and long missing runs.', 'has_grouping_columns': True, 'has_event_step': True, 'comparison_csv': '/workspace/artifacts/silver_eda/pump/imputation__comparison.csv'}}
2026-03-04 00:35:13,270 | INFO | capstone.silver_eda | LEDGER | {'ts_utc': '2026-03-04T00:35:13.270597+00:00', 'stage': 'silver_eda', 'recipe': 'silver_eda__v001', 'kind': 'step', 'step': 'finalize', 'message': 'Saved Silver EDA ledger and finalized W&B run.', 'why': None, 'consequence': None, 'data': {'ledger_path': '/workspace/artifacts/silver_eda/pump/ledger__pump__silver_eda.json'}}
